{"ts":1761129315812,"action":"PROJECT_OPENED","tags":{"PROJECT_NAME":"Xontel DVR Demo"}}
{"ts":1761129324809,"action":"PROJECT_CLOSED","tags":{"PROJECT_NAME":"Xontel DVR Demo"}}
{"ts":1761129567977,"action":"IDE_DEACTIVATED"}
{"ts":1761129572085,"action":"IDE_ACTIVATED"}
{"ts":1761129614657,"action":"IDE_DEACTIVATED"}
{"ts":1761129615887,"action":"IDE_ACTIVATED"}
{"ts":1761129670748,"action":"IDE_DEACTIVATED"}
{"ts":1761129670754,"action":"IDE_ACTIVATED"}
{"ts":1761129701709,"action":"IDE_DEACTIVATED"}
{"ts":1761129703684,"action":"IDE_ACTIVATED"}
{"ts":1761129717114,"action":"IDE_DEACTIVATED"}
{"ts":1761129725244,"action":"IDE_ACTIVATED"}
{"ts":1761129859179,"action":"IDE_DEACTIVATED"}
{"ts":1761129871636,"action":"IDE_ACTIVATED"}
{"ts":1761129914785,"action":"IDE_DEACTIVATED"}
{"ts":1761129915704,"action":"IDE_ACTIVATED"}
{"ts":1761129916085,"action":"IDE_DEACTIVATED"}
{"ts":1761129916622,"action":"IDE_ACTIVATED"}
{"ts":1761129957854,"action":"IDE_DEACTIVATED"}
{"ts":1761129958584,"action":"IDE_ACTIVATED"}
{"ts":1761129959290,"action":"IDE_DEACTIVATED"}
{"ts":1761129959883,"action":"IDE_ACTIVATED"}
{"ts":1761129962253,"action":"IDE_DEACTIVATED"}
{"ts":1761129967066,"action":"IDE_ACTIVATED"}
{"ts":1761129968602,"action":"IDE_DEACTIVATED"}
{"ts":1761129970448,"action":"IDE_ACTIVATED"}
{"ts":1761129970732,"action":"IDE_DEACTIVATED"}
{"ts":1761129970924,"action":"IDE_ACTIVATED"}
{"ts":1761130022353,"action":"FILE_OPENED","file":"/build.gradle","tags":{"FILE_LINE_OF_CODE":"4"}}
{"ts":1761130026702,"action":"FILE_CLOSED","file":"/build.gradle","tags":{"FILE_LINE_OF_CODE":"4"}}
{"ts":1761130026702,"action":"FILE_OPENED","file":"/app/build.gradle","tags":{"FILE_LINE_OF_CODE":"40"}}
{"ts":1761130061347,"action":"PROJECT_CLOSED","tags":{"PROJECT_NAME":"XontelDVRDemo"}}
{"ts":1761130088476,"action":"PROJECT_OPENED","tags":{"PROJECT_NAME":"XontelDVRDemo"}}
{"ts":1761130090589,"action":"IDE_DEACTIVATED"}
{"ts":1761130094847,"action":"IDE_ACTIVATED"}
{"ts":1761130211428,"action":"FILE_CLOSED","file":"/app/build.gradle","tags":{"FILE_LINE_OF_CODE":"41"}}
{"ts":1761130211428,"action":"FILE_OPENED","file":"/gradle/libs.versions.toml","tags":{"FILE_LINE_OF_CODE":"23"}}
{"ts":1761130252638,"action":"IDE_DEACTIVATED"}
{"ts":1761130264084,"action":"IDE_ACTIVATED"}
{"ts":1761130272619,"action":"IDE_DEACTIVATED"}
{"ts":1761130273200,"action":"IDE_ACTIVATED"}
{"ts":1761130273546,"action":"IDE_DEACTIVATED"}
{"ts":1761130276659,"action":"IDE_ACTIVATED"}
{"ts":1761130291719,"action":"IDE_DEACTIVATED"}
{"ts":1761130731019,"action":"IDE_ACTIVATED"}
{"ts":1761130733169,"action":"IDE_DEACTIVATED"}
{"ts":1761130733851,"action":"IDE_ACTIVATED"}
{"ts":1761130734298,"action":"IDE_DEACTIVATED"}
{"ts":1761130735005,"action":"IDE_ACTIVATED"}
{"ts":1761130750831,"action":"IDE_DEACTIVATED"}
{"ts":1761130761296,"action":"IDE_ACTIVATED"}
{"ts":1761130781926,"action":"IDE_DEACTIVATED"}
{"ts":1761131063564,"action":"IDE_ACTIVATED"}
{"ts":1761131073024,"action":"FILE_CLOSED","file":"/gradle/libs.versions.toml","tags":{"FILE_LINE_OF_CODE":"23"}}
{"ts":1761131073024,"action":"FILE_OPENED","file":"/app/build.gradle","tags":{"FILE_LINE_OF_CODE":"41"}}
{"ts":1761131077391,"action":"FILE_CLOSED","file":"/app/build.gradle","tags":{"FILE_LINE_OF_CODE":"41"}}
{"ts":1761131077391,"action":"FILE_OPENED","file":"/gradle/libs.versions.toml","tags":{"FILE_LINE_OF_CODE":"23"}}
{"ts":1761131087742,"action":"IDE_DEACTIVATED"}
{"ts":1761131091457,"action":"IDE_ACTIVATED"}
{"ts":1761131092109,"action":"IDE_DEACTIVATED"}
{"ts":1761131315737,"action":"IDE_ACTIVATED"}
{"ts":1761131319713,"action":"IDE_DEACTIVATED"}
{"ts":1761131344160,"action":"IDE_ACTIVATED"}
{"ts":1761131354949,"action":"IDE_DEACTIVATED"}
{"ts":1761131368055,"action":"IDE_ACTIVATED"}
{"ts":1761131473022,"action":"IDE_DEACTIVATED"}
{"ts":1761131474467,"action":"IDE_ACTIVATED"}
{"ts":1761131494947,"action":"IDE_DEACTIVATED"}
{"ts":1761131508864,"action":"IDE_ACTIVATED"}
{"ts":1761131619705,"action":"FILE_CLOSED","file":"/gradle/libs.versions.toml","tags":{"FILE_LINE_OF_CODE":"23"}}
{"ts":1761131677613,"action":"IDE_DEACTIVATED"}
{"ts":1761131680658,"action":"IDE_ACTIVATED"}
{"ts":1761131682101,"action":"IDE_DEACTIVATED"}
{"ts":1761131686215,"action":"IDE_ACTIVATED"}
{"ts":1761131689340,"action":"IDE_DEACTIVATED"}
{"ts":1761131690221,"action":"IDE_ACTIVATED"}
{"ts":1761131750403,"action":"IDE_DEACTIVATED"}
{"ts":1761131790788,"action":"IDE_ACTIVATED"}
{"ts":1761131812517,"action":"IDE_DEACTIVATED"}
{"ts":1761131813620,"action":"IDE_ACTIVATED"}
{"ts":1761131815161,"action":"FILE_OPENED","file":"/app/build.gradle","tags":{"FILE_LINE_OF_CODE":"41"}}
{"ts":1761132049782,"action":"IDE_DEACTIVATED"}
{"ts":1761132050496,"action":"IDE_ACTIVATED"}
{"ts":1761132329543,"action":"IDE_DEACTIVATED"}
{"ts":1761132331183,"action":"IDE_ACTIVATED"}
{"ts":1761132335151,"action":"IDE_DEACTIVATED"}
{"ts":1761132335966,"action":"IDE_ACTIVATED"}
{"ts":1761132433516,"action":"IDE_DEACTIVATED"}
{"ts":1761132434642,"action":"IDE_ACTIVATED"}
{"ts":1761132477483,"action":"IDE_DEACTIVATED"}
{"ts":1761132478393,"action":"IDE_ACTIVATED"}
{"ts":1761132644457,"action":"IDE_DEACTIVATED"}
{"ts":1761133121669,"action":"IDE_ACTIVATED"}
{"ts":1761133163251,"action":"IDE_DEACTIVATED"}
{"ts":1761133174778,"action":"IDE_ACTIVATED"}
{"ts":1761133174827,"action":"IDE_DEACTIVATED"}
{"ts":1761133182296,"action":"IDE_ACTIVATED"}
{"ts":1761133182341,"action":"IDE_DEACTIVATED"}
{"ts":1761133182465,"action":"IDE_ACTIVATED"}
{"ts":1761133209500,"action":"IDE_DEACTIVATED"}
{"ts":1761133212655,"action":"IDE_ACTIVATED"}
{"ts":1761133226579,"action":"IDE_DEACTIVATED"}
{"ts":1761133265632,"action":"IDE_ACTIVATED"}
{"ts":1761133266860,"action":"IDE_DEACTIVATED"}
{"ts":1761133544199,"action":"IDE_ACTIVATED"}
{"ts":1761133659189,"action":"IDE_DEACTIVATED"}
{"ts":1761133826487,"action":"IDE_ACTIVATED"}
{"ts":1761134063094,"action":"IDE_DEACTIVATED"}
{"ts":1761134097488,"action":"IDE_ACTIVATED"}
{"ts":1761134247393,"action":"FILE_CLOSED","file":"/app/build.gradle","tags":{"FILE_LINE_OF_CODE":"51"}}
{"ts":1761134247393,"action":"FILE_OPENED","file":"/app/src/main/java/com/example/xonteldvrdemo/MainActivity.java","tags":{"FILE_LINE_OF_CODE":"24"}}
{"ts":1761134250910,"action":"FILE_CLOSED","file":"/app/src/main/java/com/example/xonteldvrdemo/MainActivity.java","tags":{"FILE_LINE_OF_CODE":"24"}}
{"ts":1761134250910,"action":"FILE_OPENED","file":"/app/src/main/res/layout/activity_main.xml","tags":{"FILE_LINE_OF_CODE":"19"}}
{"ts":1761134259926,"action":"IDE_DEACTIVATED"}
{"ts":1761136028532,"action":"IDE_ACTIVATED"}
{"ts":1761136341562,"action":"IDE_DEACTIVATED"}
{"ts":1761136434366,"action":"IDE_ACTIVATED"}
{"ts":1761136492942,"action":"IDE_DEACTIVATED"}
{"ts":1761136845838,"action":"IDE_ACTIVATED"}
{"ts":1761136918513,"action":"FILE_CLOSED","file":"/app/src/main/res/layout/activity_main.xml","tags":{"FILE_LINE_OF_CODE":"32"}}
{"ts":1761136918513,"action":"FILE_OPENED","file":"/app/src/main/java/com/example/xonteldvrdemo/MainActivity.java","tags":{"FILE_LINE_OF_CODE":"24"}}
{"ts":1761137415418,"action":"FILE_CLOSED","file":"/app/src/main/java/com/example/xonteldvrdemo/MainActivity.java","tags":{"FILE_LINE_OF_CODE":"44"}}
{"ts":1761137415418,"action":"FILE_OPENED","file":"/app/src/main/res/layout/activity_main.xml","tags":{"FILE_LINE_OF_CODE":"32"}}
{"ts":1761137427365,"action":"FILE_CLOSED","file":"/app/src/main/res/layout/activity_main.xml","tags":{"FILE_LINE_OF_CODE":"32"}}
{"ts":1761137427365,"action":"FILE_OPENED","file":"/app/src/main/java/com/example/xonteldvrdemo/MainActivity.java","tags":{"FILE_LINE_OF_CODE":"44"}}
{"ts":1761137531050,"action":"IDE_DEACTIVATED"}
{"ts":1761137531744,"action":"IDE_ACTIVATED"}
{"ts":1761137579549,"action":"IDE_DEACTIVATED"}
{"ts":1761137580529,"action":"IDE_ACTIVATED"}
{"ts":1761137624041,"action":"IDE_DEACTIVATED"}
{"ts":1761137624161,"action":"IDE_ACTIVATED"}
{"ts":1761138144990,"action":"IDE_DEACTIVATED"}
{"ts":1761138145687,"action":"IDE_ACTIVATED"}
{"ts":1761138742563,"action":"FILE_CLOSED","file":"/app/src/main/java/com/example/xonteldvrdemo/MainActivity.java","tags":{"FILE_LINE_OF_CODE":"84"}}
{"ts":1761138742563,"action":"FILE_OPENED","file":"/app/src/main/java/com/example/xonteldvrdemo/umeyesdk/AcLogo.java","tags":{"FILE_LINE_OF_CODE":"241"}}
{"ts":1761138747772,"action":"FILE_CLOSED","file":"/app/src/main/java/com/example/xonteldvrdemo/umeyesdk/AcLogo.java","tags":{"FILE_LINE_OF_CODE":"241"}}
{"ts":1761138747772,"action":"FILE_OPENED","file":"/app/src/main/java/com/example/xonteldvrdemo/umeyesdk/AcVideoPlayback.java","tags":{"FILE_LINE_OF_CODE":"256"}}
{"ts":1761138779104,"action":"FILE_OPENED","file":"/app/src/main/java/com/example/xonteldvrdemo/MainActivity.java","tags":{"FILE_LINE_OF_CODE":"84"}}
{"ts":1761138779114,"action":"FILE_CLOSED","file":"/app/src/main/java/com/example/xonteldvrdemo/MainActivity.java","tags":{"FILE_LINE_OF_CODE":"84"}}
{"ts":1761138779114,"action":"FILE_OPENED","file":"/app/src/main/java/com/example/xonteldvrdemo/umeyesdk/utils/MyAudioDecodeThread.java","tags":{"FILE_LINE_OF_CODE":"496"}}
{"ts":1761138786503,"action":"FILE_CLOSED","file":"/app/src/main/java/com/example/xonteldvrdemo/umeyesdk/utils/MyAudioDecodeThread.java","tags":{"FILE_LINE_OF_CODE":"496"}}
{"ts":1761138786503,"action":"FILE_OPENED","file":"/app/src/main/java/com/example/xonteldvrdemo/umeyesdk/utils/CameraFuncDialog.java","tags":{"FILE_LINE_OF_CODE":"101"}}
{"ts":1761138826320,"action":"FILE_OPENED","file":"/app/src/main/java/com/example/xonteldvrdemo/umeyesdk/utils/MyAudioDecodeThread.java","tags":{"FILE_LINE_OF_CODE":"496"}}
{"ts":1761138847950,"action":"FILE_CLOSED","file":"/app/src/main/java/com/example/xonteldvrdemo/umeyesdk/utils/MyAudioDecodeThread.java","tags":{"FILE_LINE_OF_CODE":"496"}}
{"ts":1761138847950,"action":"FILE_OPENED","file":"/app/src/main/java/com/example/xonteldvrdemo/umeyesdk/utils/MyRecoredThread.java","tags":{"FILE_LINE_OF_CODE":"212"}}
{"ts":1761138857249,"action":"FILE_CLOSED","file":"/app/src/main/java/com/example/xonteldvrdemo/umeyesdk/utils/MyRecoredThread.java","tags":{"FILE_LINE_OF_CODE":"212"}}
{"ts":1761138857249,"action":"FILE_OPENED","file":"/app/src/main/java/com/example/xonteldvrdemo/umeyesdk/utils/MyVideoDecodeThread.java","tags":{"FILE_LINE_OF_CODE":"650"}}
{"ts":1761138860240,"action":"FILE_CLOSED","file":"/app/src/main/java/com/example/xonteldvrdemo/umeyesdk/utils/MyVideoDecodeThread.java","tags":{"FILE_LINE_OF_CODE":"650"}}
{"ts":1761138860240,"action":"FILE_OPENED","file":"/app/src/main/java/com/example/xonteldvrdemo/umeyesdk/utils/MyRecoredThread.java","tags":{"FILE_LINE_OF_CODE":"212"}}
{"ts":1761139955251,"action":"IDE_DEACTIVATED"}
{"ts":1761139990773,"action":"IDE_ACTIVATED"}
{"ts":1761140051281,"action":"FILE_CLOSED","file":"/app/src/main/java/com/example/xonteldvrdemo/umeyesdk/utils/MyRecoredThread.java","tags":{"FILE_LINE_OF_CODE":"212"}}
{"ts":1761140051281,"action":"FILE_OPENED","file":"/app/src/main/AndroidManifest.xml","tags":{"FILE_LINE_OF_CODE":"27"}}
{"ts":1761140055359,"action":"FILE_CLOSED","file":"/app/src/main/AndroidManifest.xml","tags":{"FILE_LINE_OF_CODE":"27"}}
{"ts":1761140055359,"action":"FILE_OPENED","file":"/app/src/main/java/com/example/xonteldvrdemo/MainActivity.java","tags":{"FILE_LINE_OF_CODE":"84"}}
{"ts":1761140063890,"action":"FILE_CLOSED","file":"/app/src/main/java/com/example/xonteldvrdemo/MainActivity.java","tags":{"FILE_LINE_OF_CODE":"84"}}
{"ts":1761140063890,"action":"FILE_OPENED","file":"/app/src/main/java/com/example/xonteldvrdemo/umeyesdk/thread/ModifySearchDeviceIpThread.java","tags":{"FILE_LINE_OF_CODE":"87"}}
{"ts":1761140067271,"action":"FILE_CLOSED","file":"/app/src/main/java/com/example/xonteldvrdemo/umeyesdk/thread/ModifySearchDeviceIpThread.java","tags":{"FILE_LINE_OF_CODE":"87"}}
{"ts":1761140067271,"action":"FILE_OPENED","file":"/app/src/main/java/com/example/xonteldvrdemo/umeyesdk/utils/MyAudioDecodeThread.java","tags":{"FILE_LINE_OF_CODE":"496"}}
{"ts":1761140075625,"action":"FILE_CLOSED","file":"/app/src/main/java/com/example/xonteldvrdemo/umeyesdk/utils/MyAudioDecodeThread.java","tags":{"FILE_LINE_OF_CODE":"496"}}
{"ts":1761140077622,"action":"FILE_OPENED","file":"/app/src/main/java/com/example/xonteldvrdemo/umeyesdk/utils/MyAudioDecodeThread.java","tags":{"FILE_LINE_OF_CODE":"496"}}
{"ts":1761140081540,"action":"FILE_CLOSED","file":"/app/src/main/java/com/example/xonteldvrdemo/umeyesdk/utils/MyAudioDecodeThread.java","tags":{"FILE_LINE_OF_CODE":"496"}}
{"ts":1761140081540,"action":"FILE_OPENED","file":"/app/src/main/java/com/example/xonteldvrdemo/umeyesdk/entity/ChannelInfo.java","tags":{"FILE_LINE_OF_CODE":"37"}}
{"ts":1761140084986,"action":"FILE_CLOSED","file":"/app/src/main/java/com/example/xonteldvrdemo/umeyesdk/entity/ChannelInfo.java","tags":{"FILE_LINE_OF_CODE":"37"}}
{"ts":1761140084986,"action":"FILE_OPENED","file":"/app/src/main/java/com/example/xonteldvrdemo/umeyesdk/api/WebSdkApi.java","tags":{"FILE_LINE_OF_CODE":"1957"}}
{"ts":1761140089052,"action":"FILE_CLOSED","file":"/app/src/main/java/com/example/xonteldvrdemo/umeyesdk/api/WebSdkApi.java","tags":{"FILE_LINE_OF_CODE":"1957"}}
{"ts":1761140089052,"action":"FILE_OPENED","file":"/app/src/main/java/com/example/xonteldvrdemo/umeyesdk/adpter/DeviceManagerAdapter.java","tags":{"FILE_LINE_OF_CODE":"144"}}
{"ts":1761140091235,"action":"FILE_CLOSED","file":"/app/src/main/java/com/example/xonteldvrdemo/umeyesdk/adpter/DeviceManagerAdapter.java","tags":{"FILE_LINE_OF_CODE":"144"}}
{"ts":1761140091235,"action":"FILE_OPENED","file":"/app/src/main/java/com/example/xonteldvrdemo/umeyesdk/adpter/MediaAdapter.java","tags":{"FILE_LINE_OF_CODE":"325"}}
{"ts":1761140092394,"action":"FILE_CLOSED","file":"/app/src/main/java/com/example/xonteldvrdemo/umeyesdk/adpter/MediaAdapter.java","tags":{"FILE_LINE_OF_CODE":"325"}}
{"ts":1761140092394,"action":"FILE_OPENED","file":"/app/src/main/java/com/example/xonteldvrdemo/umeyesdk/adpter/SearchAdapter.java","tags":{"FILE_LINE_OF_CODE":"133"}}
{"ts":1761140093722,"action":"FILE_CLOSED","file":"/app/src/main/java/com/example/xonteldvrdemo/umeyesdk/adpter/SearchAdapter.java","tags":{"FILE_LINE_OF_CODE":"133"}}
{"ts":1761140093722,"action":"FILE_OPENED","file":"/app/src/main/java/com/example/xonteldvrdemo/umeyesdk/adpter/SearchDeviceAdapter.java","tags":{"FILE_LINE_OF_CODE":"146"}}
{"ts":1761140095548,"action":"FILE_CLOSED","file":"/app/src/main/java/com/example/xonteldvrdemo/umeyesdk/adpter/SearchDeviceAdapter.java","tags":{"FILE_LINE_OF_CODE":"146"}}
{"ts":1761140095548,"action":"FILE_OPENED","file":"/app/src/main/java/com/example/xonteldvrdemo/umeyesdk/adpter/SearchDownloadAdapter.java","tags":{"FILE_LINE_OF_CODE":"139"}}
{"ts":1761140096643,"action":"FILE_CLOSED","file":"/app/src/main/java/com/example/xonteldvrdemo/umeyesdk/adpter/SearchDownloadAdapter.java","tags":{"FILE_LINE_OF_CODE":"139"}}
{"ts":1761140096643,"action":"FILE_OPENED","file":"/app/src/main/java/com/example/xonteldvrdemo/umeyesdk/adpter/WifiAdapter.java","tags":{"FILE_LINE_OF_CODE":"88"}}
{"ts":1761140102341,"action":"FILE_OPENED","file":"/app/src/main/java/com/example/xonteldvrdemo/umeyesdk/api/WebSdkApi.java","tags":{"FILE_LINE_OF_CODE":"1957"}}
{"ts":1761140118296,"action":"FILE_OPENED","file":"/app/src/main/java/com/example/xonteldvrdemo/umeyesdk/entity/ChannelInfo.java","tags":{"FILE_LINE_OF_CODE":"37"}}
{"ts":1761140118303,"action":"FILE_CLOSED","file":"/app/src/main/java/com/example/xonteldvrdemo/umeyesdk/entity/ChannelInfo.java","tags":{"FILE_LINE_OF_CODE":"37"}}
{"ts":1761140118303,"action":"FILE_OPENED","file":"/app/src/main/java/com/example/xonteldvrdemo/umeyesdk/utils/MyAudioDecodeThread.java","tags":{"FILE_LINE_OF_CODE":"496"}}
{"ts":1761140120470,"action":"FILE_CLOSED","file":"/app/src/main/java/com/example/xonteldvrdemo/umeyesdk/utils/MyAudioDecodeThread.java","tags":{"FILE_LINE_OF_CODE":"496"}}
{"ts":1761140120470,"action":"FILE_OPENED","file":"/app/src/main/java/com/example/xonteldvrdemo/umeyesdk/utils/MyRecoredThread.java","tags":{"FILE_LINE_OF_CODE":"212"}}
{"ts":1761140231879,"action":"FILE_CLOSED","file":"/app/src/main/java/com/example/xonteldvrdemo/umeyesdk/utils/MyRecoredThread.java","tags":{"FILE_LINE_OF_CODE":"219"}}
{"ts":1761140231879,"action":"FILE_OPENED","file":"/app/src/main/java/com/example/xonteldvrdemo/umeyesdk/utils/MyAudioDecodeThread.java","tags":{"FILE_LINE_OF_CODE":"496"}}
{"ts":1761140234774,"action":"FILE_CLOSED","file":"/app/src/main/java/com/example/xonteldvrdemo/umeyesdk/utils/MyAudioDecodeThread.java","tags":{"FILE_LINE_OF_CODE":"496"}}
{"ts":1761140234774,"action":"FILE_OPENED","file":"/app/src/main/java/com/example/xonteldvrdemo/umeyesdk/utils/MyVideoDecodeThread.java","tags":{"FILE_LINE_OF_CODE":"650"}}
{"ts":1761140238074,"action":"FILE_CLOSED","file":"/app/src/main/java/com/example/xonteldvrdemo/umeyesdk/utils/MyVideoDecodeThread.java","tags":{"FILE_LINE_OF_CODE":"650"}}
{"ts":1761140238074,"action":"FILE_OPENED","file":"/app/src/main/java/com/example/xonteldvrdemo/MainActivity.java","tags":{"FILE_LINE_OF_CODE":"84"}}
{"ts":1761140467426,"action":"FILE_CLOSED","file":"/app/src/main/java/com/example/xonteldvrdemo/MainActivity.java","tags":{"FILE_LINE_OF_CODE":"88"}}
{"ts":1761140513063,"action":"FILE_OPENED","file":"/app/src/main/java/com/example/xonteldvrdemo/MainActivity.java","tags":{"FILE_LINE_OF_CODE":"88"}}
{"ts":1761140615371,"action":"FILE_CLOSED","file":"/app/src/main/java/com/example/xonteldvrdemo/MainActivity.java","tags":{"FILE_LINE_OF_CODE":"88"}}
{"ts":1761141578156,"action":"IDE_DEACTIVATED"}
{"ts":1761142067893,"action":"IDE_ACTIVATED"}
{"ts":1761142073191,"action":"IDE_DEACTIVATED"}
{"ts":1761142078395,"action":"IDE_ACTIVATED"}
{"ts":1761142082009,"action":"IDE_DEACTIVATED"}
{"ts":1761142087318,"action":"IDE_ACTIVATED"}
{"ts":1761142098715,"action":"IDE_DEACTIVATED"}
{"ts":1761142100072,"action":"IDE_ACTIVATED"}
{"ts":1761142112717,"action":"IDE_DEACTIVATED"}
{"ts":1761142117838,"action":"IDE_ACTIVATED"}
{"ts":1761142125538,"action":"IDE_DEACTIVATED"}
{"ts":1761142131304,"action":"IDE_ACTIVATED"}
{"ts":1761142143045,"action":"IDE_DEACTIVATED"}
{"ts":1761142146949,"action":"IDE_ACTIVATED"}
{"ts":1761142187416,"action":"IDE_DEACTIVATED"}
{"ts":1761142190536,"action":"IDE_ACTIVATED"}
{"ts":1761142197758,"action":"IDE_DEACTIVATED"}
{"ts":1761142200019,"action":"IDE_ACTIVATED"}
{"ts":1761142206911,"action":"IDE_DEACTIVATED"}
{"ts":1761142212610,"action":"IDE_ACTIVATED"}
{"ts":1761142731030,"action":"IDE_DEACTIVATED"}
{"ts":1761142731576,"action":"IDE_ACTIVATED"}
{"ts":1761142741156,"action":"IDE_DEACTIVATED"}
{"ts":1761142772820,"action":"IDE_ACTIVATED"}
{"ts":1761142962279,"action":"IDE_DEACTIVATED"}
{"ts":1761144040462,"action":"IDE_ACTIVATED"}
{"ts":1761144417261,"action":"FILE_OPENED","file":"/app/src/main/java/com/example/xonteldvrdemo/MainActivity.java","tags":{"FILE_LINE_OF_CODE":"88"}}
{"ts":1761144457751,"action":"FILE_CLOSED","file":"/app/src/main/java/com/example/xonteldvrdemo/MainActivity.java","tags":{"FILE_LINE_OF_CODE":"88"}}
{"ts":1761144822721,"action":"IDE_DEACTIVATED"}
{"ts":1761144825873,"action":"IDE_ACTIVATED"}
{"ts":1761144827529,"action":"IDE_DEACTIVATED"}
{"ts":1761144842884,"action":"IDE_ACTIVATED"}
{"ts":1761144866593,"action":"IDE_DEACTIVATED"}
{"ts":1761144868114,"action":"IDE_ACTIVATED"}
{"ts":1761144886727,"action":"IDE_DEACTIVATED"}
{"ts":1761144890021,"action":"IDE_ACTIVATED"}
{"ts":1761144919784,"action":"IDE_DEACTIVATED"}
{"ts":1761144923059,"action":"IDE_ACTIVATED"}
{"ts":1761144948390,"action":"FILE_OPENED","file":"/app/src/main/java/com/example/xonteldvrdemo/MainActivity.java","tags":{"FILE_LINE_OF_CODE":"88"}}
{"ts":1761144967762,"action":"FILE_CLOSED","file":"/app/src/main/java/com/example/xonteldvrdemo/MainActivity.java","tags":{"FILE_LINE_OF_CODE":"88"}}
{"ts":1761144980780,"action":"FILE_OPENED","file":"/app/src/main/java/com/example/xonteldvrdemo/umeyesdk/utils/MyRecoredThread.java","tags":{"FILE_LINE_OF_CODE":"219"}}
{"ts":1761144981832,"action":"FILE_CLOSED","file":"/app/src/main/java/com/example/xonteldvrdemo/umeyesdk/utils/MyRecoredThread.java","tags":{"FILE_LINE_OF_CODE":"219"}}
{"ts":1761144981832,"action":"FILE_OPENED","file":"/app/src/main/java/com/example/xonteldvrdemo/MainActivity.java","tags":{"FILE_LINE_OF_CODE":"88"}}
{"ts":1761144988014,"action":"FILE_CLOSED","file":"/app/src/main/java/com/example/xonteldvrdemo/MainActivity.java","tags":{"FILE_LINE_OF_CODE":"88"}}
{"ts":1761144998597,"action":"FILE_OPENED","file":"/app/src/main/java/com/example/xonteldvrdemo/MainActivity.java","tags":{"FILE_LINE_OF_CODE":"88"}}
{"ts":1761145008141,"action":"FILE_CLOSED","file":"/app/src/main/java/com/example/xonteldvrdemo/MainActivity.java","tags":{"FILE_LINE_OF_CODE":"88"}}
{"ts":1761145016473,"action":"FILE_OPENED","file":"/app/src/main/java/com/example/xonteldvrdemo/MainActivity.java","tags":{"FILE_LINE_OF_CODE":"88"}}
{"ts":1761145026380,"action":"FILE_CLOSED","file":"/app/src/main/java/com/example/xonteldvrdemo/MainActivity.java","tags":{"FILE_LINE_OF_CODE":"88"}}
{"ts":1761145046559,"action":"FILE_OPENED","file":"/app/src/main/java/com/example/xonteldvrdemo/MainActivity.java","tags":{"FILE_LINE_OF_CODE":"88"}}
{"ts":1761145063199,"action":"FILE_CLOSED","file":"/app/src/main/java/com/example/xonteldvrdemo/MainActivity.java","tags":{"FILE_LINE_OF_CODE":"88"}}
{"ts":1761145226853,"action":"FILE_OPENED","file":"/app/src/main/java/com/example/xonteldvrdemo/MainActivity.java","tags":{"FILE_LINE_OF_CODE":"88"}}
{"ts":1761145257577,"action":"FILE_CLOSED","file":"/app/src/main/java/com/example/xonteldvrdemo/MainActivity.java","tags":{"FILE_LINE_OF_CODE":"88"}}
{"ts":1761145295616,"action":"FILE_OPENED","file":"/app/src/main/java/com/example/xonteldvrdemo/MainActivity.java","tags":{"FILE_LINE_OF_CODE":"88"}}
{"ts":1761145303391,"action":"FILE_CLOSED","file":"/app/src/main/java/com/example/xonteldvrdemo/MainActivity.java","tags":{"FILE_LINE_OF_CODE":"88"}}
{"ts":1761145308976,"action":"FILE_OPENED","file":"/app/src/main/java/com/example/xonteldvrdemo/MainActivity.java","tags":{"FILE_LINE_OF_CODE":"88"}}
{"ts":1761145319303,"action":"FILE_CLOSED","file":"/app/src/main/java/com/example/xonteldvrdemo/MainActivity.java","tags":{"FILE_LINE_OF_CODE":"88"}}
{"ts":1761145482604,"action":"FILE_OPENED","file":"/app/src/main/java/com/example/xonteldvrdemo/umeyesdk/utils/MyRecoredThread.java","tags":{"FILE_LINE_OF_CODE":"219"}}
{"ts":1761145484212,"action":"FILE_CLOSED","file":"/app/src/main/java/com/example/xonteldvrdemo/umeyesdk/utils/MyRecoredThread.java","tags":{"FILE_LINE_OF_CODE":"219"}}
{"ts":1761145513987,"action":"FILE_OPENED","file":"/app/src/main/java/com/example/xonteldvrdemo/umeyesdk/utils/MyRecoredThread.java","tags":{"FILE_LINE_OF_CODE":"219"}}
{"ts":1761145515096,"action":"FILE_CLOSED","file":"/app/src/main/java/com/example/xonteldvrdemo/umeyesdk/utils/MyRecoredThread.java","tags":{"FILE_LINE_OF_CODE":"219"}}
{"ts":1761145515740,"action":"FILE_OPENED","file":"/app/src/main/java/com/example/xonteldvrdemo/MainActivity.java","tags":{"FILE_LINE_OF_CODE":"88"}}
{"ts":1761145530229,"action":"FILE_CLOSED","file":"/app/src/main/java/com/example/xonteldvrdemo/MainActivity.java","tags":{"FILE_LINE_OF_CODE":"88"}}
{"ts":1761145735517,"action":"IDE_DEACTIVATED"}
{"ts":1761145759025,"action":"IDE_ACTIVATED"}
{"ts":1761146122311,"action":"IDE_DEACTIVATED"}
{"ts":1761203903064,"action":"FILE_OPENED","file":"/app/build.gradle","tags":{"FILE_LINE_OF_CODE":"51"}}
{"ts":1761203903088,"action":"PROJECT_OPENED","tags":{"PROJECT_NAME":"XontelDVRDemo"}}
{"ts":1761204461210,"action":"IDE_DEACTIVATED"}
{"ts":1761204464222,"action":"IDE_ACTIVATED"}
{"ts":1761204468203,"action":"IDE_DEACTIVATED"}
{"ts":1761204468322,"action":"IDE_ACTIVATED"}
{"ts":1761204469810,"action":"IDE_DEACTIVATED"}
{"ts":1761204470515,"action":"IDE_ACTIVATED"}
{"ts":1761204474556,"action":"IDE_DEACTIVATED"}
{"ts":1761205811286,"action":"IDE_ACTIVATED"}
{"ts":1761205814210,"action":"IDE_DEACTIVATED"}
{"ts":1761205825889,"action":"IDE_ACTIVATED"}
{"ts":1761205846872,"action":"IDE_DEACTIVATED"}
{"ts":1761205849151,"action":"IDE_ACTIVATED"}
{"ts":1761205871970,"action":"IDE_DEACTIVATED"}
{"ts":1761205873284,"action":"IDE_ACTIVATED"}
{"ts":1761205986468,"action":"IDE_DEACTIVATED"}
{"ts":1761205996617,"action":"IDE_ACTIVATED"}
{"ts":1761205998286,"action":"IDE_DEACTIVATED"}
{"ts":1761207993446,"action":"IDE_ACTIVATED"}
{"ts":1761208098592,"action":"IDE_DEACTIVATED"}
{"ts":1761208107519,"action":"IDE_ACTIVATED"}
{"ts":1761208158555,"action":"IDE_DEACTIVATED"}
{"ts":1761208162794,"action":"IDE_ACTIVATED"}
{"ts":1761208206535,"action":"IDE_DEACTIVATED"}
{"ts":1761208208894,"action":"IDE_ACTIVATED"}
{"ts":1761208210669,"action":"IDE_DEACTIVATED"}
{"ts":1761208212453,"action":"IDE_ACTIVATED"}
{"ts":1761208218007,"action":"IDE_DEACTIVATED"}
{"ts":1761208377185,"action":"FILE_OPENED","file":"/app/build.gradle","tags":{"FILE_LINE_OF_CODE":"51"}}
{"ts":1761208377241,"action":"PROJECT_OPENED","tags":{"PROJECT_NAME":"Xontel DVR Demo"}}
{"ts":1761208974690,"action":"IDE_DEACTIVATED"}
{"ts":1761209641233,"action":"IDE_ACTIVATED"}
{"ts":1761209666548,"action":"IDE_DEACTIVATED"}
{"ts":1761209666691,"action":"IDE_ACTIVATED"}
{"ts":1761209669516,"action":"IDE_DEACTIVATED"}
{"ts":1761209681649,"action":"IDE_ACTIVATED"}
{"ts":1761209747366,"action":"IDE_DEACTIVATED"}
{"ts":1761209753552,"action":"IDE_ACTIVATED"}
{"ts":1761209758875,"action":"IDE_DEACTIVATED"}
{"ts":1761209764482,"action":"IDE_ACTIVATED"}
{"ts":1761210303723,"action":"IDE_DEACTIVATED"}
{"ts":1761210306774,"action":"IDE_ACTIVATED"}
{"ts":1761210332476,"action":"FILE_CLOSED","file":"/app/build.gradle","tags":{"FILE_LINE_OF_CODE":"51"}}
{"ts":1761210332476,"action":"FILE_OPENED","file":"/app/src/main/java/com/example/xonteldvrdemo/MainActivity.java","tags":{"FILE_LINE_OF_CODE":"88"}}
{"ts":1761210427922,"action":"FILE_CLOSED","file":"/app/src/main/java/com/example/xonteldvrdemo/MainActivity.java","tags":{"FILE_LINE_OF_CODE":"88"}}
{"ts":1761210427922,"action":"FILE_OPENED","file":"/app/src/main/java/com/example/xonteldvrdemo/PlayActivity2.java","tags":{"FILE_LINE_OF_CODE":"17"}}
{"ts":1761210456841,"action":"IDE_DEACTIVATED"}
{"ts":1761210458139,"action":"IDE_ACTIVATED"}
{"ts":1761210490149,"action":"IDE_DEACTIVATED"}
{"ts":1761210491311,"action":"IDE_ACTIVATED"}
{"ts":1761211264902,"action":"IDE_DEACTIVATED"}
{"ts":1761211265691,"action":"IDE_ACTIVATED"}
{"ts":1761211301154,"action":"IDE_DEACTIVATED"}
{"ts":1761211303281,"action":"IDE_ACTIVATED"}
{"ts":1761211311089,"action":"IDE_DEACTIVATED"}
{"ts":1761211382040,"action":"IDE_ACTIVATED"}
{"ts":1761211548943,"action":"FILE_CLOSED","file":"/app/src/main/java/com/example/xonteldvrdemo/PlayActivity2.java","tags":{"FILE_LINE_OF_CODE":"762"}}
{"ts":1761211548943,"action":"FILE_OPENED","file":"/app/src/main/res/layout/play_p2p.xml","tags":{"FILE_LINE_OF_CODE":"6"}}
{"ts":1761211596716,"action":"FILE_CLOSED","file":"/app/src/main/res/layout/play_p2p.xml","tags":{"FILE_LINE_OF_CODE":"404"}}
{"ts":1761211596716,"action":"FILE_OPENED","file":"/app/src/main/res/values/strings.xml","tags":{"FILE_LINE_OF_CODE":"3"}}
{"ts":1761211626904,"action":"FILE_CLOSED","file":"/app/src/main/res/values/strings.xml","tags":{"FILE_LINE_OF_CODE":"283"}}
{"ts":1761211626904,"action":"FILE_OPENED","file":"/app/src/main/java/com/example/xonteldvrdemo/PlayActivity2.java","tags":{"FILE_LINE_OF_CODE":"762"}}
{"ts":1761211731916,"action":"IDE_DEACTIVATED"}
{"ts":1761211734249,"action":"IDE_ACTIVATED"}
{"ts":1761211735809,"action":"IDE_DEACTIVATED"}
{"ts":1761211735928,"action":"IDE_ACTIVATED"}
{"ts":1761211735941,"action":"IDE_DEACTIVATED"}
{"ts":1761211736013,"action":"IDE_ACTIVATED"}
{"ts":1761211736028,"action":"IDE_DEACTIVATED"}
{"ts":1761211736043,"action":"IDE_ACTIVATED"}
{"ts":1761211736725,"action":"IDE_DEACTIVATED"}
{"ts":1761211799984,"action":"IDE_ACTIVATED"}
{"ts":1761212164044,"action":"FILE_CLOSED","file":"/app/src/main/java/com/example/xonteldvrdemo/PlayActivity2.java","tags":{"FILE_LINE_OF_CODE":"767"}}
{"ts":1761212164044,"action":"FILE_OPENED","file":"/app/src/main/java/com/example/xonteldvrdemo/MainActivity.java","tags":{"FILE_LINE_OF_CODE":"88"}}
{"ts":1761212413096,"action":"IDE_DEACTIVATED"}
{"ts":1761212429791,"action":"IDE_ACTIVATED"}
{"ts":1761212502421,"action":"FILE_CLOSED","file":"/app/src/main/java/com/example/xonteldvrdemo/MainActivity.java","tags":{"FILE_LINE_OF_CODE":"134"}}
{"ts":1761212511246,"action":"IDE_DEACTIVATED"}
{"ts":1761212607677,"action":"IDE_ACTIVATED"}
{"ts":1761212609955,"action":"IDE_DEACTIVATED"}
{"ts":1761212610669,"action":"IDE_ACTIVATED"}
{"ts":1761212612341,"action":"IDE_DEACTIVATED"}
{"ts":1761213272004,"action":"IDE_ACTIVATED"}
{"ts":1761213573120,"action":"IDE_DEACTIVATED"}
{"ts":1761214940502,"action":"IDE_ACTIVATED"}
{"ts":1761214941675,"action":"IDE_DEACTIVATED"}
{"ts":1761215037105,"action":"IDE_ACTIVATED"}
{"ts":1761215038133,"action":"IDE_DEACTIVATED"}
{"ts":1761215049196,"action":"IDE_ACTIVATED"}
{"ts":1761215050066,"action":"IDE_DEACTIVATED"}
{"ts":1761215053316,"action":"IDE_ACTIVATED"}
{"ts":1761215055773,"action":"IDE_DEACTIVATED"}
{"ts":1761217114880,"action":"IDE_ACTIVATED"}
{"ts":1761217115484,"action":"IDE_DEACTIVATED"}
{"ts":1761217118374,"action":"IDE_ACTIVATED"}
{"ts":1761217120011,"action":"IDE_DEACTIVATED"}
{"ts":1761217195212,"action":"IDE_ACTIVATED"}
{"ts":1761217196228,"action":"IDE_DEACTIVATED"}
{"ts":1761217199094,"action":"IDE_ACTIVATED"}
{"ts":1761217202600,"action":"IDE_DEACTIVATED"}
{"ts":1761217208873,"action":"IDE_ACTIVATED"}
{"ts":1761217209938,"action":"IDE_DEACTIVATED"}
{"ts":1761217236119,"action":"IDE_ACTIVATED"}
{"ts":1761217239530,"action":"IDE_DEACTIVATED"}
{"ts":1761217240179,"action":"IDE_ACTIVATED"}
{"ts":1761217244576,"action":"IDE_DEACTIVATED"}
{"ts":1761218058155,"action":"IDE_ACTIVATED"}
{"ts":1761218060300,"action":"IDE_DEACTIVATED"}
{"ts":1761218138267,"action":"IDE_ACTIVATED"}
{"ts":1761218142737,"action":"IDE_DEACTIVATED"}
{"ts":1761218144631,"action":"IDE_ACTIVATED"}
{"ts":1761218144658,"action":"IDE_DEACTIVATED"}
{"ts":1761218149102,"action":"IDE_ACTIVATED"}
{"ts":1761218156254,"action":"FILE_OPENED","file":"/app/src/main/java/com/example/xonteldvrdemo/MainActivity.java","tags":{"FILE_LINE_OF_CODE":"134"}}
{"ts":1761218279762,"action":"FILE_CLOSED","file":"/app/src/main/java/com/example/xonteldvrdemo/MainActivity.java","tags":{"FILE_LINE_OF_CODE":"164"}}
{"ts":1761218282092,"action":"FILE_OPENED","file":"/app/src/main/java/com/example/xonteldvrdemo/MainActivity.java","tags":{"FILE_LINE_OF_CODE":"164"}}
{"ts":1761218352014,"action":"FILE_CLOSED","file":"/app/src/main/java/com/example/xonteldvrdemo/MainActivity.java","tags":{"FILE_LINE_OF_CODE":"157"}}
{"ts":1761218374419,"action":"FILE_OPENED","file":"/app/src/main/java/com/example/xonteldvrdemo/MainActivity.java","tags":{"FILE_LINE_OF_CODE":"157"}}
{"ts":1761218391104,"action":"FILE_CLOSED","file":"/app/src/main/java/com/example/xonteldvrdemo/MainActivity.java","tags":{"FILE_LINE_OF_CODE":"157"}}
{"ts":1761218391104,"action":"FILE_OPENED","file":"/app/src/main/res/layout/play_p2p.xml","tags":{"FILE_LINE_OF_CODE":"404"}}
{"ts":1761218575399,"action":"FILE_CLOSED","file":"/app/src/main/res/layout/play_p2p.xml","tags":{"FILE_LINE_OF_CODE":"386"}}
{"ts":1761218575399,"action":"FILE_OPENED","file":"/app/src/main/java/com/example/xonteldvrdemo/PlayActivity2.java","tags":{"FILE_LINE_OF_CODE":"767"}}
{"ts":1761218635232,"action":"FILE_CLOSED","file":"/app/src/main/java/com/example/xonteldvrdemo/PlayActivity2.java","tags":{"FILE_LINE_OF_CODE":"767"}}
{"ts":1761218635232,"action":"FILE_OPENED","file":"/app/src/main/java/com/example/xonteldvrdemo/umeyesdk/utils/ShowProgress.java","tags":{"FILE_LINE_OF_CODE":"68"}}
{"ts":1761218714204,"action":"FILE_CLOSED","file":"/app/src/main/java/com/example/xonteldvrdemo/umeyesdk/utils/ShowProgress.java","tags":{"FILE_LINE_OF_CODE":"68"}}
{"ts":1761218714204,"action":"FILE_OPENED","file":"/app/src/main/res/layout/layout_show_progress.xml","tags":{"FILE_LINE_OF_CODE":"6"}}
{"ts":1761218735554,"action":"FILE_CLOSED","file":"/app/src/main/res/layout/layout_show_progress.xml","tags":{"FILE_LINE_OF_CODE":"25"}}
{"ts":1761218735554,"action":"FILE_OPENED","file":"/app/src/main/java/com/example/xonteldvrdemo/PlayActivity2.java","tags":{"FILE_LINE_OF_CODE":"767"}}
{"ts":1761218742523,"action":"FILE_CLOSED","file":"/app/src/main/java/com/example/xonteldvrdemo/PlayActivity2.java","tags":{"FILE_LINE_OF_CODE":"768"}}
{"ts":1761218742523,"action":"FILE_OPENED","file":"/app/src/main/java/com/example/xonteldvrdemo/umeyesdk/utils/ShowProgress.java","tags":{"FILE_LINE_OF_CODE":"68"}}
{"ts":1761218745177,"action":"FILE_CLOSED","file":"/app/src/main/java/com/example/xonteldvrdemo/umeyesdk/utils/ShowProgress.java","tags":{"FILE_LINE_OF_CODE":"68"}}
{"ts":1761218745177,"action":"FILE_OPENED","file":"/app/src/main/java/com/example/xonteldvrdemo/PlayActivity2.java","tags":{"FILE_LINE_OF_CODE":"768"}}
{"ts":1761218785883,"action":"FILE_CLOSED","file":"/app/src/main/java/com/example/xonteldvrdemo/PlayActivity2.java","tags":{"FILE_LINE_OF_CODE":"759"}}
{"ts":1761218785883,"action":"FILE_OPENED","file":"/app/src/main/res/layout/layout_show_progress.xml","tags":{"FILE_LINE_OF_CODE":"25"}}
{"ts":1761218815226,"action":"FILE_CLOSED","file":"/app/src/main/res/layout/layout_show_progress.xml","tags":{"FILE_LINE_OF_CODE":"25"}}
{"ts":1761218815226,"action":"FILE_OPENED","file":"/app/src/main/java/com/example/xonteldvrdemo/PlayActivity2.java","tags":{"FILE_LINE_OF_CODE":"759"}}
{"ts":1761218874334,"action":"IDE_DEACTIVATED"}
{"ts":1761218876773,"action":"IDE_ACTIVATED"}
{"ts":1761218885981,"action":"FILE_CLOSED","file":"/app/src/main/java/com/example/xonteldvrdemo/PlayActivity2.java","tags":{"FILE_LINE_OF_CODE":"759"}}
{"ts":1761218885981,"action":"FILE_OPENED","file":"/app/src/main/java/com/example/xonteldvrdemo/MainActivity.java","tags":{"FILE_LINE_OF_CODE":"157"}}
{"ts":1761218893662,"action":"FILE_CLOSED","file":"/app/src/main/java/com/example/xonteldvrdemo/MainActivity.java","tags":{"FILE_LINE_OF_CODE":"157"}}
{"ts":1761218893662,"action":"FILE_OPENED","file":"/app/src/main/java/com/example/xonteldvrdemo/PlayActivity2.java","tags":{"FILE_LINE_OF_CODE":"759"}}
{"ts":1761218954021,"action":"FILE_CLOSED","file":"/app/src/main/java/com/example/xonteldvrdemo/PlayActivity2.java","tags":{"FILE_LINE_OF_CODE":"759"}}
{"ts":1761218954021,"action":"FILE_OPENED","file":"/app/src/main/AndroidManifest.xml","tags":{"FILE_LINE_OF_CODE":"31"}}
{"ts":1761219174541,"action":"IDE_DEACTIVATED"}
{"ts":1761219175301,"action":"IDE_ACTIVATED"}
{"ts":1761219176291,"action":"IDE_DEACTIVATED"}
{"ts":1761219250999,"action":"IDE_ACTIVATED"}
{"ts":1761219268724,"action":"IDE_DEACTIVATED"}
{"ts":1761219895892,"action":"IDE_ACTIVATED"}
{"ts":1761219923909,"action":"IDE_DEACTIVATED"}
{"ts":1761219932130,"action":"IDE_ACTIVATED"}
{"ts":1761220212235,"action":"IDE_DEACTIVATED"}
{"ts":1761220214482,"action":"IDE_ACTIVATED"}
{"ts":1761220446283,"action":"IDE_DEACTIVATED"}
{"ts":1761220467181,"action":"IDE_ACTIVATED"}
{"ts":1761220478321,"action":"IDE_DEACTIVATED"}
{"ts":1761220493503,"action":"IDE_ACTIVATED"}
{"ts":1761220499206,"action":"IDE_DEACTIVATED"}
{"ts":1761220517128,"action":"IDE_ACTIVATED"}
{"ts":1761220520209,"action":"IDE_DEACTIVATED"}
{"ts":1761220521871,"action":"IDE_ACTIVATED"}
{"ts":1761220524180,"action":"IDE_DEACTIVATED"}
{"ts":1761220544249,"action":"IDE_ACTIVATED"}
{"ts":1761220568831,"action":"FILE_CLOSED","file":"/app/src/main/AndroidManifest.xml","tags":{"FILE_LINE_OF_CODE":"31"}}
{"ts":1761220568831,"action":"FILE_OPENED","file":"/app/src/main/java/com/example/xonteldvrdemo/AppMain.java","tags":{"FILE_LINE_OF_CODE":"118"}}
{"ts":1761220620422,"action":"FILE_CLOSED","file":"/app/src/main/java/com/example/xonteldvrdemo/AppMain.java","tags":{"FILE_LINE_OF_CODE":"118"}}
{"ts":1761220620422,"action":"FILE_OPENED","file":"/app/src/main/java/com/example/xonteldvrdemo/umeyesdk/entity/PlayNode.java","tags":{"FILE_LINE_OF_CODE":"257"}}
{"ts":1761220668360,"action":"FILE_CLOSED","file":"/app/src/main/java/com/example/xonteldvrdemo/umeyesdk/entity/PlayNode.java","tags":{"FILE_LINE_OF_CODE":"257"}}
{"ts":1761220668360,"action":"FILE_OPENED","file":"/app/src/main/java/com/example/xonteldvrdemo/umeyesdk/utils/NodeType.java","tags":{"FILE_LINE_OF_CODE":"28"}}
{"ts":1761220672840,"action":"FILE_CLOSED","file":"/app/src/main/java/com/example/xonteldvrdemo/umeyesdk/utils/NodeType.java","tags":{"FILE_LINE_OF_CODE":"28"}}
{"ts":1761220672840,"action":"FILE_OPENED","file":"/app/src/main/java/com/example/xonteldvrdemo/umeyesdk/entity/PlayNode.java","tags":{"FILE_LINE_OF_CODE":"257"}}
{"ts":1761220703846,"action":"FILE_CLOSED","file":"/app/src/main/java/com/example/xonteldvrdemo/umeyesdk/entity/PlayNode.java","tags":{"FILE_LINE_OF_CODE":"257"}}
{"ts":1761220703846,"action":"FILE_OPENED","file":"/app/src/main/java/com/example/xonteldvrdemo/AppMain.java","tags":{"FILE_LINE_OF_CODE":"118"}}
{"ts":1761220719852,"action":"FILE_CLOSED","file":"/app/src/main/java/com/example/xonteldvrdemo/AppMain.java","tags":{"FILE_LINE_OF_CODE":"118"}}
{"ts":1761220719852,"action":"FILE_OPENED","file":"/app/src/main/java/com/example/xonteldvrdemo/umeyesdk/entity/PlayNode.java","tags":{"FILE_LINE_OF_CODE":"257"}}
{"ts":1761220724112,"action":"FILE_CLOSED","file":"/app/src/main/java/com/example/xonteldvrdemo/umeyesdk/entity/PlayNode.java","tags":{"FILE_LINE_OF_CODE":"257"}}
{"ts":1761220724112,"action":"FILE_OPENED","file":"/app/src/main/java/com/example/xonteldvrdemo/AppMain.java","tags":{"FILE_LINE_OF_CODE":"118"}}
{"ts":1761220757080,"action":"FILE_CLOSED","file":"/app/src/main/java/com/example/xonteldvrdemo/AppMain.java","tags":{"FILE_LINE_OF_CODE":"118"}}
{"ts":1761220760760,"action":"FILE_OPENED","file":"/app/src/main/AndroidManifest.xml","tags":{"FILE_LINE_OF_CODE":"31"}}
{"ts":1761220761716,"action":"FILE_CLOSED","file":"/app/src/main/AndroidManifest.xml","tags":{"FILE_LINE_OF_CODE":"31"}}
{"ts":1761220761716,"action":"FILE_OPENED","file":"/app/src/main/java/com/example/xonteldvrdemo/AppMain.java","tags":{"FILE_LINE_OF_CODE":"118"}}
{"ts":1761220775130,"action":"FILE_CLOSED","file":"/app/src/main/java/com/example/xonteldvrdemo/AppMain.java","tags":{"FILE_LINE_OF_CODE":"118"}}
{"ts":1761220775130,"action":"FILE_OPENED","file":"/app/src/main/java/com/example/xonteldvrdemo/MainActivity.java","tags":{"FILE_LINE_OF_CODE":"157"}}
{"ts":1761220893907,"action":"FILE_CLOSED","file":"/app/src/main/java/com/example/xonteldvrdemo/MainActivity.java","tags":{"FILE_LINE_OF_CODE":"160"}}
{"ts":1761220893907,"action":"FILE_OPENED","file":"/app/src/main/AndroidManifest.xml","tags":{"FILE_LINE_OF_CODE":"31"}}
{"ts":1761220898861,"action":"FILE_CLOSED","file":"/app/src/main/AndroidManifest.xml","tags":{"FILE_LINE_OF_CODE":"32"}}
{"ts":1761220898861,"action":"FILE_OPENED","file":"/app/src/main/java/com/example/xonteldvrdemo/AppMain.java","tags":{"FILE_LINE_OF_CODE":"118"}}
{"ts":1761221263025,"action":"IDE_DEACTIVATED"}
{"ts":1761221263672,"action":"IDE_ACTIVATED"}
{"ts":1761222039808,"action":"IDE_DEACTIVATED"}
{"ts":1761226091302,"action":"IDE_ACTIVATED"}
{"ts":1761226093564,"action":"IDE_DEACTIVATED"}
{"ts":1761226125490,"action":"IDE_ACTIVATED"}
{"ts":1761226127589,"action":"IDE_DEACTIVATED"}
{"ts":1761226484076,"action":"IDE_ACTIVATED"}
{"ts":1761226484641,"action":"IDE_DEACTIVATED"}
{"ts":1761226517660,"action":"IDE_ACTIVATED"}
{"ts":1761226519870,"action":"IDE_DEACTIVATED"}
{"ts":1761226523446,"action":"IDE_ACTIVATED"}
{"ts":1761226626643,"action":"IDE_DEACTIVATED"}
{"ts":1761226635533,"action":"IDE_ACTIVATED"}
{"ts":1761226636042,"action":"IDE_DEACTIVATED"}
{"ts":1761226653571,"action":"IDE_ACTIVATED"}
{"ts":1761226679878,"action":"IDE_DEACTIVATED"}
{"ts":1761226683550,"action":"IDE_ACTIVATED"}
{"ts":1761228065451,"action":"IDE_DEACTIVATED"}
{"ts":1761228226557,"action":"IDE_ACTIVATED"}
{"ts":1761228391195,"action":"IDE_DEACTIVATED"}
{"ts":1761230014449,"action":"IDE_ACTIVATED"}
{"ts":1761230017251,"action":"IDE_DEACTIVATED"}
{"ts":1761230358593,"action":"IDE_ACTIVATED"}
{"ts":1761230363891,"action":"IDE_DEACTIVATED"}
{"ts":1761230376758,"action":"IDE_ACTIVATED"}
{"ts":1761230379637,"action":"IDE_DEACTIVATED"}
{"ts":1761230480563,"action":"IDE_ACTIVATED"}
{"ts":1761230550176,"action":"IDE_DEACTIVATED"}
{"ts":1761230560210,"action":"IDE_ACTIVATED"}
{"ts":1761230860899,"action":"IDE_DEACTIVATED"}
{"ts":1761230917694,"action":"IDE_ACTIVATED"}
{"ts":1761230921927,"action":"IDE_DEACTIVATED"}
{"ts":1761231013696,"action":"IDE_ACTIVATED"}
{"ts":1761232204306,"action":"IDE_DEACTIVATED"}
{"ts":1761232217449,"action":"IDE_ACTIVATED"}
{"ts":1761232220265,"action":"IDE_DEACTIVATED"}
{"ts":1761232586377,"action":"IDE_ACTIVATED"}
{"ts":1761232727479,"action":"FILE_CLOSED","file":"/app/src/main/java/com/example/xonteldvrdemo/AppMain.java","tags":{"FILE_LINE_OF_CODE":"118"}}
{"ts":1761232727479,"action":"FILE_OPENED","file":"/app/src/main/java/com/example/xonteldvrdemo/MainActivity.java","tags":{"FILE_LINE_OF_CODE":"160"}}
{"ts":1761232811017,"action":"IDE_DEACTIVATED"}
{"ts":1761232811441,"action":"IDE_ACTIVATED"}
{"ts":1761232879819,"action":"FILE_CLOSED","file":"/app/src/main/java/com/example/xonteldvrdemo/MainActivity.java","tags":{"FILE_LINE_OF_CODE":"200"}}
{"ts":1761232879819,"action":"FILE_OPENED","file":"/app/src/main/java/com/example/xonteldvrdemo/umeyesdk/api/WebSdkApi.java","tags":{"FILE_LINE_OF_CODE":"1957"}}
{"ts":1761232887781,"action":"FILE_CLOSED","file":"/app/src/main/java/com/example/xonteldvrdemo/umeyesdk/api/WebSdkApi.java","tags":{"FILE_LINE_OF_CODE":"1957"}}
{"ts":1761232887781,"action":"FILE_OPENED","file":"/app/src/main/java/com/example/xonteldvrdemo/PlayActivity2.java","tags":{"FILE_LINE_OF_CODE":"759"}}
{"ts":1761232894227,"action":"FILE_CLOSED","file":"/app/src/main/java/com/example/xonteldvrdemo/PlayActivity2.java","tags":{"FILE_LINE_OF_CODE":"759"}}
{"ts":1761232894227,"action":"FILE_OPENED","file":"/app/src/main/java/com/example/xonteldvrdemo/MainActivity.java","tags":{"FILE_LINE_OF_CODE":"200"}}
{"ts":1761232932277,"action":"IDE_DEACTIVATED"}
{"ts":1761232932805,"action":"IDE_ACTIVATED"}
{"ts":1761232989836,"action":"FILE_CLOSED","file":"/app/src/main/java/com/example/xonteldvrdemo/MainActivity.java","tags":{"FILE_LINE_OF_CODE":"214"}}
{"ts":1761232991959,"action":"FILE_OPENED","file":"/app/src/main/java/com/example/xonteldvrdemo/MainActivity.java","tags":{"FILE_LINE_OF_CODE":"214"}}
{"ts":1761233176101,"action":"FILE_CLOSED","file":"/app/src/main/java/com/example/xonteldvrdemo/MainActivity.java","tags":{"FILE_LINE_OF_CODE":"213"}}
{"ts":1761233176101,"action":"FILE_OPENED","file":"/app/src/main/java/com/example/xonteldvrdemo/umeyesdk/api/WebSdkApi.java","tags":{"FILE_LINE_OF_CODE":"1957"}}
{"ts":1761233191785,"action":"FILE_CLOSED","file":"/app/src/main/java/com/example/xonteldvrdemo/umeyesdk/api/WebSdkApi.java","tags":{"FILE_LINE_OF_CODE":"1957"}}
{"ts":1761233191785,"action":"FILE_OPENED","file":"/app/src/main/java/com/example/xonteldvrdemo/MainActivity.java","tags":{"FILE_LINE_OF_CODE":"213"}}
{"ts":1761233196750,"action":"PROJECT_CLOSED","tags":{"PROJECT_NAME":"Xontel DVR Demo"}}
{"ts":1761468314721,"action":"FILE_OPENED","file":"/app/src/main/java/com/example/xonteldvrdemo/MainActivity.java","tags":{"FILE_LINE_OF_CODE":"212"}}
{"ts":1761468314713,"action":"PROJECT_OPENED","tags":{"PROJECT_NAME":"Xontel DVR Demo"}}
{"ts":1761468337846,"action":"IDE_DEACTIVATED"}
{"ts":1761468347923,"action":"IDE_ACTIVATED"}
{"ts":1761468656168,"action":"IDE_DEACTIVATED"}
{"ts":1761468918978,"action":"IDE_ACTIVATED"}
{"ts":1761469537489,"action":"IDE_DEACTIVATED"}
{"ts":1761469615196,"action":"IDE_ACTIVATED"}
{"ts":1761469708299,"action":"FILE_CLOSED","file":"/app/src/main/java/com/example/xonteldvrdemo/MainActivity.java","tags":{"FILE_LINE_OF_CODE":"212"}}
{"ts":1761469708299,"action":"FILE_OPENED","file":"/app/src/main/java/com/example/xonteldvrdemo/PlayActivity2.java","tags":{"FILE_LINE_OF_CODE":"759"}}
{"ts":1761470146826,"action":"IDE_DEACTIVATED"}
{"ts":1761470148761,"action":"IDE_ACTIVATED"}
{"ts":1761470151153,"action":"IDE_DEACTIVATED"}
{"ts":1761470169777,"action":"IDE_ACTIVATED"}
{"ts":1761470169847,"action":"IDE_DEACTIVATED"}
{"ts":1761470460762,"action":"IDE_ACTIVATED"}
{"ts":1761470473017,"action":"IDE_DEACTIVATED"}
{"ts":1761470743349,"action":"IDE_ACTIVATED"}
{"ts":1761470745637,"action":"IDE_DEACTIVATED"}
{"ts":1761471505003,"action":"IDE_ACTIVATED"}
{"ts":1761471508052,"action":"IDE_DEACTIVATED"}
{"ts":1761471513146,"action":"IDE_ACTIVATED"}
{"ts":1761471711187,"action":"IDE_DEACTIVATED"}
{"ts":1761471907278,"action":"IDE_ACTIVATED"}
{"ts":1761472416189,"action":"IDE_DEACTIVATED"}
{"ts":1761472431693,"action":"IDE_ACTIVATED"}
{"ts":1761472443771,"action":"IDE_DEACTIVATED"}
{"ts":1761472450081,"action":"IDE_ACTIVATED"}
{"ts":1761472467560,"action":"IDE_DEACTIVATED"}
{"ts":1761472488004,"action":"IDE_ACTIVATED"}
{"ts":1761472491546,"action":"IDE_DEACTIVATED"}
{"ts":1761472500495,"action":"IDE_ACTIVATED"}
{"ts":1761472546614,"action":"IDE_DEACTIVATED"}
{"ts":1761472613727,"action":"IDE_ACTIVATED"}
{"ts":1761472615237,"action":"IDE_DEACTIVATED"}
{"ts":1761472616395,"action":"IDE_ACTIVATED"}
{"ts":1761472616896,"action":"IDE_DEACTIVATED"}
{"ts":1761472618467,"action":"IDE_ACTIVATED"}
{"ts":1761472619054,"action":"IDE_DEACTIVATED"}
{"ts":1761472762450,"action":"IDE_ACTIVATED"}
{"ts":1761472764372,"action":"IDE_DEACTIVATED"}
{"ts":1761473524823,"action":"IDE_ACTIVATED"}
{"ts":1761473525385,"action":"IDE_DEACTIVATED"}
{"ts":1761474109280,"action":"IDE_ACTIVATED"}
{"ts":1761474110663,"action":"IDE_DEACTIVATED"}
{"ts":1761477597247,"action":"IDE_ACTIVATED"}
{"ts":1761477618919,"action":"IDE_DEACTIVATED"}
{"ts":1761477638617,"action":"IDE_ACTIVATED"}
{"ts":1761477708009,"action":"FILE_CLOSED","file":"/app/src/main/java/com/example/xonteldvrdemo/PlayActivity2.java","tags":{"FILE_LINE_OF_CODE":"759"}}
{"ts":1761477708009,"action":"FILE_OPENED","file":"/app/src/main/java/com/example/xonteldvrdemo/umeyesdk/api/WebSdkApi.java","tags":{"FILE_LINE_OF_CODE":"1957"}}
{"ts":1761477751620,"action":"IDE_DEACTIVATED"}
{"ts":1761477802165,"action":"IDE_ACTIVATED"}
{"ts":1761477924516,"action":"IDE_DEACTIVATED"}
{"ts":1761477959588,"action":"IDE_ACTIVATED"}
{"ts":1761478020905,"action":"IDE_DEACTIVATED"}
{"ts":1761478296770,"action":"IDE_ACTIVATED"}
{"ts":1761478301377,"action":"IDE_DEACTIVATED"}
{"ts":1761478309186,"action":"IDE_ACTIVATED"}
{"ts":1761478320509,"action":"IDE_DEACTIVATED"}
{"ts":1761478472276,"action":"IDE_ACTIVATED"}
{"ts":1761478540153,"action":"IDE_DEACTIVATED"}
{"ts":1761478613866,"action":"IDE_ACTIVATED"}
{"ts":1761478616458,"action":"IDE_DEACTIVATED"}
{"ts":1761478616660,"action":"IDE_ACTIVATED"}
{"ts":1761478618531,"action":"IDE_DEACTIVATED"}
{"ts":1761478620276,"action":"IDE_ACTIVATED"}
{"ts":1761478631585,"action":"IDE_DEACTIVATED"}
{"ts":1761478634089,"action":"IDE_ACTIVATED"}
{"ts":1761478637267,"action":"IDE_DEACTIVATED"}
{"ts":1761478644635,"action":"IDE_ACTIVATED"}
{"ts":1761478650519,"action":"IDE_DEACTIVATED"}
{"ts":1761478650669,"action":"IDE_ACTIVATED"}
{"ts":1761478652070,"action":"IDE_DEACTIVATED"}
{"ts":1761478656252,"action":"IDE_ACTIVATED"}
{"ts":1761478714570,"action":"IDE_DEACTIVATED"}
{"ts":1761478770593,"action":"IDE_ACTIVATED"}
{"ts":1761478821530,"action":"IDE_DEACTIVATED"}
{"ts":1761479068703,"action":"IDE_ACTIVATED"}
{"ts":1761479088884,"action":"IDE_DEACTIVATED"}
{"ts":1761479146993,"action":"IDE_ACTIVATED"}
{"ts":1761479168426,"action":"IDE_DEACTIVATED"}
{"ts":1761479812375,"action":"IDE_ACTIVATED"}
{"ts":1761479814094,"action":"IDE_DEACTIVATED"}
{"ts":1761479916655,"action":"IDE_ACTIVATED"}
{"ts":1761479937618,"action":"IDE_DEACTIVATED"}
{"ts":1761479941036,"action":"IDE_ACTIVATED"}
{"ts":1761479947522,"action":"IDE_DEACTIVATED"}
{"ts":1761479957472,"action":"IDE_ACTIVATED"}
{"ts":1761479967145,"action":"IDE_DEACTIVATED"}
{"ts":1761480020892,"action":"IDE_ACTIVATED"}
{"ts":1761480029935,"action":"IDE_DEACTIVATED"}
{"ts":1761480040938,"action":"IDE_ACTIVATED"}
{"ts":1761480048098,"action":"IDE_DEACTIVATED"}
{"ts":1761480061337,"action":"IDE_ACTIVATED"}
{"ts":1761480064765,"action":"IDE_DEACTIVATED"}
{"ts":1761480072711,"action":"IDE_ACTIVATED"}
{"ts":1761480073817,"action":"IDE_DEACTIVATED"}
{"ts":1761480090129,"action":"IDE_ACTIVATED"}
{"ts":1761480093970,"action":"IDE_DEACTIVATED"}
{"ts":1761480101578,"action":"IDE_ACTIVATED"}
{"ts":1761480113420,"action":"IDE_DEACTIVATED"}
{"ts":1761480115596,"action":"IDE_ACTIVATED"}
{"ts":1761480117960,"action":"IDE_DEACTIVATED"}
{"ts":1761480120426,"action":"IDE_ACTIVATED"}
{"ts":1761480129921,"action":"IDE_DEACTIVATED"}
{"ts":1761480139215,"action":"IDE_ACTIVATED"}
{"ts":1761480142978,"action":"IDE_DEACTIVATED"}
{"ts":1761480143605,"action":"IDE_ACTIVATED"}
{"ts":1761480146037,"action":"IDE_DEACTIVATED"}
{"ts":1761480290086,"action":"IDE_ACTIVATED"}
{"ts":1761480304416,"action":"IDE_DEACTIVATED"}
{"ts":1761480325940,"action":"IDE_ACTIVATED"}
{"ts":1761480354375,"action":"IDE_DEACTIVATED"}
{"ts":1761480368533,"action":"IDE_ACTIVATED"}
{"ts":1761480370217,"action":"IDE_DEACTIVATED"}
{"ts":1761480403881,"action":"IDE_ACTIVATED"}
{"ts":1761480405804,"action":"IDE_DEACTIVATED"}
{"ts":1761480436157,"action":"IDE_ACTIVATED"}
{"ts":1761480437606,"action":"IDE_DEACTIVATED"}
{"ts":1761480440649,"action":"IDE_ACTIVATED"}
{"ts":1761480441676,"action":"IDE_DEACTIVATED"}
{"ts":1761480502515,"action":"IDE_ACTIVATED"}
{"ts":1761480536963,"action":"IDE_DEACTIVATED"}
{"ts":1761480553172,"action":"IDE_ACTIVATED"}
{"ts":1761480633297,"action":"IDE_DEACTIVATED"}
{"ts":1761480683588,"action":"IDE_ACTIVATED"}
{"ts":1761480695891,"action":"IDE_DEACTIVATED"}
{"ts":1761480706728,"action":"IDE_ACTIVATED"}
{"ts":1761480743365,"action":"IDE_DEACTIVATED"}
{"ts":1761480753616,"action":"IDE_ACTIVATED"}
{"ts":1761480794385,"action":"IDE_DEACTIVATED"}
{"ts":1761480817967,"action":"IDE_ACTIVATED"}
{"ts":1761481152777,"action":"IDE_DEACTIVATED"}
{"ts":1761481201993,"action":"IDE_ACTIVATED"}
{"ts":1761481393227,"action":"IDE_DEACTIVATED"}
{"ts":1761481486725,"action":"IDE_ACTIVATED"}
{"ts":1761481491586,"action":"IDE_DEACTIVATED"}
{"ts":1761481503016,"action":"IDE_ACTIVATED"}
{"ts":1761481505035,"action":"IDE_DEACTIVATED"}
{"ts":1761481506340,"action":"IDE_ACTIVATED"}
{"ts":1761481510850,"action":"IDE_DEACTIVATED"}
{"ts":1761481558536,"action":"IDE_ACTIVATED"}
{"ts":1761481608257,"action":"IDE_DEACTIVATED"}
{"ts":1761481621163,"action":"IDE_ACTIVATED"}
{"ts":1761481623055,"action":"IDE_DEACTIVATED"}
{"ts":1761481719814,"action":"IDE_ACTIVATED"}
{"ts":1761481722701,"action":"IDE_DEACTIVATED"}
{"ts":1761481736502,"action":"IDE_ACTIVATED"}
{"ts":1761481740270,"action":"IDE_DEACTIVATED"}
{"ts":1761481742215,"action":"IDE_ACTIVATED"}
{"ts":1761481745752,"action":"IDE_DEACTIVATED"}
{"ts":1761481747651,"action":"IDE_ACTIVATED"}
{"ts":1761481764652,"action":"IDE_DEACTIVATED"}
{"ts":1761481769734,"action":"IDE_ACTIVATED"}
{"ts":1761481773555,"action":"IDE_DEACTIVATED"}
{"ts":1761481774282,"action":"IDE_ACTIVATED"}
{"ts":1761481829121,"action":"IDE_DEACTIVATED"}
{"ts":1761481864831,"action":"IDE_ACTIVATED"}
{"ts":1761481880486,"action":"IDE_DEACTIVATED"}
{"ts":1761481886752,"action":"IDE_ACTIVATED"}
{"ts":1761481889851,"action":"IDE_DEACTIVATED"}
{"ts":1761481897680,"action":"IDE_ACTIVATED"}
{"ts":1761481914194,"action":"IDE_DEACTIVATED"}
{"ts":1761481919425,"action":"IDE_ACTIVATED"}
{"ts":1761481933297,"action":"IDE_DEACTIVATED"}
{"ts":1761482044488,"action":"IDE_ACTIVATED"}
{"ts":1761482209258,"action":"IDE_DEACTIVATED"}
{"ts":1761482295270,"action":"IDE_ACTIVATED"}
{"ts":1761482364363,"action":"IDE_DEACTIVATED"}
{"ts":1761482369422,"action":"IDE_ACTIVATED"}
{"ts":1761482445461,"action":"IDE_DEACTIVATED"}
{"ts":1761483033776,"action":"IDE_ACTIVATED"}
{"ts":1761483126382,"action":"IDE_DEACTIVATED"}
{"ts":1761483128456,"action":"IDE_ACTIVATED"}
{"ts":1761483129934,"action":"IDE_DEACTIVATED"}
{"ts":1761483153370,"action":"IDE_ACTIVATED"}
{"ts":1761483187009,"action":"IDE_DEACTIVATED"}
{"ts":1761483212372,"action":"IDE_ACTIVATED"}
{"ts":1761483230220,"action":"IDE_DEACTIVATED"}
{"ts":1761483240386,"action":"IDE_ACTIVATED"}
{"ts":1761483290545,"action":"IDE_DEACTIVATED"}
{"ts":1761483298482,"action":"IDE_ACTIVATED"}
{"ts":1761483313986,"action":"IDE_DEACTIVATED"}
{"ts":1761483315688,"action":"IDE_ACTIVATED"}
{"ts":1761483317164,"action":"IDE_DEACTIVATED"}
{"ts":1761483320537,"action":"IDE_ACTIVATED"}
{"ts":1761483332448,"action":"IDE_DEACTIVATED"}
{"ts":1761483355101,"action":"IDE_ACTIVATED"}
{"ts":1761483370268,"action":"IDE_DEACTIVATED"}
{"ts":1761483376055,"action":"IDE_ACTIVATED"}
{"ts":1761483426041,"action":"IDE_DEACTIVATED"}
{"ts":1761483447842,"action":"IDE_ACTIVATED"}
{"ts":1761483461564,"action":"IDE_DEACTIVATED"}
{"ts":1761483465269,"action":"IDE_ACTIVATED"}
{"ts":1761483487436,"action":"IDE_DEACTIVATED"}
{"ts":1761483503391,"action":"IDE_ACTIVATED"}
{"ts":1761483581918,"action":"IDE_DEACTIVATED"}
{"ts":1761486853328,"action":"IDE_ACTIVATED"}
{"ts":1761486854434,"action":"IDE_DEACTIVATED"}
{"ts":1761486946591,"action":"IDE_ACTIVATED"}
{"ts":1761486958379,"action":"IDE_DEACTIVATED"}
{"ts":1761486976041,"action":"IDE_ACTIVATED"}
{"ts":1761486982891,"action":"IDE_DEACTIVATED"}
{"ts":1761486983575,"action":"IDE_ACTIVATED"}
{"ts":1761487082259,"action":"IDE_DEACTIVATED"}
{"ts":1761487093626,"action":"IDE_ACTIVATED"}
{"ts":1761487409838,"action":"IDE_DEACTIVATED"}
{"ts":1761487432223,"action":"IDE_ACTIVATED"}
{"ts":1761487500808,"action":"IDE_DEACTIVATED"}
{"ts":1761487503356,"action":"IDE_ACTIVATED"}
{"ts":1761487503827,"action":"IDE_DEACTIVATED"}
{"ts":1761487522501,"action":"IDE_ACTIVATED"}
{"ts":1761487538993,"action":"IDE_DEACTIVATED"}
{"ts":1761487561871,"action":"IDE_ACTIVATED"}
{"ts":1761487569167,"action":"IDE_DEACTIVATED"}
{"ts":1761487572871,"action":"IDE_ACTIVATED"}
{"ts":1761487573610,"action":"IDE_DEACTIVATED"}
{"ts":1761487576105,"action":"IDE_ACTIVATED"}
{"ts":1761487596639,"action":"IDE_DEACTIVATED"}
{"ts":1761487599446,"action":"IDE_ACTIVATED"}
{"ts":1761487625290,"action":"IDE_DEACTIVATED"}
{"ts":1761487626084,"action":"IDE_ACTIVATED"}
{"ts":1761487630352,"action":"IDE_DEACTIVATED"}
{"ts":1761487635177,"action":"IDE_ACTIVATED"}
{"ts":1761487635439,"action":"IDE_DEACTIVATED"}
{"ts":1761487638546,"action":"IDE_ACTIVATED"}
{"ts":1761487638568,"action":"IDE_DEACTIVATED"}
{"ts":1761487638730,"action":"IDE_ACTIVATED"}
{"ts":1761487658571,"action":"IDE_DEACTIVATED"}
{"ts":1761487929016,"action":"IDE_ACTIVATED"}
{"ts":1761487963424,"action":"IDE_DEACTIVATED"}
{"ts":1761487965492,"action":"IDE_ACTIVATED"}
{"ts":1761488172625,"action":"IDE_DEACTIVATED"}
{"ts":1761488175307,"action":"IDE_ACTIVATED"}
{"ts":1761488177386,"action":"IDE_DEACTIVATED"}
{"ts":1761488188002,"action":"IDE_ACTIVATED"}
{"ts":1761488836421,"action":"IDE_DEACTIVATED"}
{"ts":1761488846299,"action":"IDE_ACTIVATED"}
{"ts":1761488850087,"action":"IDE_DEACTIVATED"}
{"ts":1761488855146,"action":"IDE_ACTIVATED"}
{"ts":1761488886740,"action":"IDE_DEACTIVATED"}
{"ts":1761488898980,"action":"IDE_ACTIVATED"}
{"ts":1761488904962,"action":"IDE_DEACTIVATED"}
{"ts":1761488909933,"action":"IDE_ACTIVATED"}
{"ts":1761488938240,"action":"IDE_DEACTIVATED"}
{"ts":1761488943137,"action":"IDE_ACTIVATED"}
{"ts":1761489167369,"action":"IDE_DEACTIVATED"}
{"ts":1761489168128,"action":"IDE_ACTIVATED"}
{"ts":1761489168844,"action":"IDE_DEACTIVATED"}
{"ts":1761489302579,"action":"IDE_ACTIVATED"}
{"ts":1761489303786,"action":"IDE_DEACTIVATED"}
{"ts":1761489363570,"action":"IDE_ACTIVATED"}
{"ts":1761489364473,"action":"IDE_DEACTIVATED"}
{"ts":1761489382156,"action":"IDE_ACTIVATED"}
{"ts":1761489463885,"action":"IDE_DEACTIVATED"}
{"ts":1761489469397,"action":"IDE_ACTIVATED"}
{"ts":1761489568109,"action":"IDE_DEACTIVATED"}
{"ts":1761489764194,"action":"IDE_ACTIVATED"}
{"ts":1761489765014,"action":"IDE_DEACTIVATED"}
{"ts":1761489769527,"action":"IDE_ACTIVATED"}
{"ts":1761489773018,"action":"FILE_CLOSED","file":"/app/src/main/java/com/example/xonteldvrdemo/umeyesdk/api/WebSdkApi.java","tags":{"FILE_LINE_OF_CODE":"1957"}}
{"ts":1761489773018,"action":"FILE_OPENED","file":"/app/src/main/java/com/example/xonteldvrdemo/MainActivity.java","tags":{"FILE_LINE_OF_CODE":"212"}}
{"ts":1761489823611,"action":"IDE_DEACTIVATED"}
{"ts":1761489885415,"action":"IDE_ACTIVATED"}
{"ts":1761490497496,"action":"IDE_DEACTIVATED"}
{"ts":1761490498669,"action":"IDE_ACTIVATED"}
{"ts":1761490841152,"action":"FILE_CLOSED","file":"/app/src/main/java/com/example/xonteldvrdemo/MainActivity.java","tags":{"FILE_LINE_OF_CODE":"212"}}
{"ts":1761490841152,"action":"FILE_OPENED","file":"/app/src/main/java/com/example/xonteldvrdemo/PlayActivity2.java","tags":{"FILE_LINE_OF_CODE":"759"}}
{"ts":1761490843458,"action":"FILE_CLOSED","file":"/app/src/main/java/com/example/xonteldvrdemo/PlayActivity2.java","tags":{"FILE_LINE_OF_CODE":"759"}}
{"ts":1761490843458,"action":"FILE_OPENED","file":"/app/src/main/java/com/example/xonteldvrdemo/MainActivity.java","tags":{"FILE_LINE_OF_CODE":"212"}}
{"ts":1761490932820,"action":"FILE_CLOSED","file":"/app/src/main/java/com/example/xonteldvrdemo/MainActivity.java","tags":{"FILE_LINE_OF_CODE":"212"}}
{"ts":1761490935373,"action":"FILE_OPENED","file":"/app/src/main/java/com/example/xonteldvrdemo/MainActivity.java","tags":{"FILE_LINE_OF_CODE":"212"}}
{"ts":1761490952630,"action":"FILE_CLOSED","file":"/app/src/main/java/com/example/xonteldvrdemo/MainActivity.java","tags":{"FILE_LINE_OF_CODE":"212"}}
{"ts":1761490952630,"action":"FILE_OPENED","file":"/app/src/main/java/com/example/xonteldvrdemo/umeyesdk/api/WebSdkApi.java","tags":{"FILE_LINE_OF_CODE":"1957"}}
{"ts":1761490969294,"action":"FILE_CLOSED","file":"/app/src/main/java/com/example/xonteldvrdemo/umeyesdk/api/WebSdkApi.java","tags":{"FILE_LINE_OF_CODE":"1953"}}
{"ts":1761490969294,"action":"FILE_OPENED","file":"/app/src/main/java/com/example/xonteldvrdemo/MainActivity.java","tags":{"FILE_LINE_OF_CODE":"212"}}
{"ts":1761490980613,"action":"FILE_CLOSED","file":"/app/src/main/java/com/example/xonteldvrdemo/MainActivity.java","tags":{"FILE_LINE_OF_CODE":"212"}}
{"ts":1761490980613,"action":"FILE_OPENED","file":"/app/src/main/java/com/example/xonteldvrdemo/AcLogo.java","tags":{"FILE_LINE_OF_CODE":"284"}}
{"ts":1761491047835,"action":"IDE_DEACTIVATED"}
{"ts":1761491555539,"action":"IDE_ACTIVATED"}
{"ts":1761491558752,"action":"IDE_DEACTIVATED"}
{"ts":1761553796304,"action":"FILE_OPENED","file":"/app/src/main/java/com/example/xonteldvrdemo/MainActivity.java","tags":{"FILE_LINE_OF_CODE":"212"}}
{"ts":1761553796611,"action":"PROJECT_OPENED","tags":{"PROJECT_NAME":"Xontel DVR Demo"}}
{"ts":1761553808081,"action":"IDE_DEACTIVATED"}
{"ts":1761555189949,"action":"IDE_ACTIVATED"}
{"ts":1761555208685,"action":"IDE_DEACTIVATED"}
{"ts":1761558123245,"action":"IDE_ACTIVATED"}
{"ts":1761558125566,"action":"IDE_DEACTIVATED"}
{"ts":1761558254859,"action":"IDE_ACTIVATED"}
{"ts":1761558272404,"action":"IDE_DEACTIVATED"}
{"ts":1761558273145,"action":"IDE_ACTIVATED"}
{"ts":1761558275253,"action":"IDE_DEACTIVATED"}
{"ts":1761558281804,"action":"IDE_ACTIVATED"}
{"ts":1761558290765,"action":"IDE_DEACTIVATED"}
{"ts":1761558379187,"action":"IDE_ACTIVATED"}
{"ts":1761558381888,"action":"IDE_DEACTIVATED"}
{"ts":1761558385084,"action":"IDE_ACTIVATED"}
{"ts":1761558385251,"action":"IDE_DEACTIVATED"}
{"ts":1761558385555,"action":"IDE_ACTIVATED"}
{"ts":1761558386136,"action":"IDE_DEACTIVATED"}
{"ts":1761558393062,"action":"IDE_ACTIVATED"}
{"ts":1761558393097,"action":"IDE_DEACTIVATED"}
{"ts":1761558393164,"action":"IDE_ACTIVATED"}
{"ts":1761558410094,"action":"IDE_DEACTIVATED"}
{"ts":1761558671034,"action":"IDE_ACTIVATED"}
{"ts":1761558672984,"action":"IDE_DEACTIVATED"}
{"ts":1761558673783,"action":"IDE_ACTIVATED"}
{"ts":1761558675384,"action":"IDE_DEACTIVATED"}
{"ts":1761558945010,"action":"IDE_ACTIVATED"}
{"ts":1761558954158,"action":"IDE_DEACTIVATED"}
{"ts":1761558955321,"action":"IDE_ACTIVATED"}
{"ts":1761559095328,"action":"IDE_DEACTIVATED"}
{"ts":1761560428821,"action":"IDE_ACTIVATED"}
{"ts":1761560429589,"action":"IDE_DEACTIVATED"}
{"ts":1761560430334,"action":"IDE_ACTIVATED"}
{"ts":1761560431167,"action":"IDE_DEACTIVATED"}
{"ts":1761560431994,"action":"IDE_ACTIVATED"}
{"ts":1761560432481,"action":"IDE_DEACTIVATED"}
{"ts":1761560452052,"action":"IDE_ACTIVATED"}
{"ts":1761560636391,"action":"IDE_DEACTIVATED"}
{"ts":1761560649661,"action":"IDE_ACTIVATED"}
{"ts":1761560668596,"action":"IDE_DEACTIVATED"}
{"ts":1761560701600,"action":"IDE_ACTIVATED"}
{"ts":1761560710699,"action":"IDE_DEACTIVATED"}
{"ts":1761560717595,"action":"IDE_ACTIVATED"}
{"ts":1761560720196,"action":"IDE_DEACTIVATED"}
{"ts":1761560744532,"action":"IDE_ACTIVATED"}
{"ts":1761560748262,"action":"IDE_DEACTIVATED"}
{"ts":1761560773417,"action":"IDE_ACTIVATED"}
{"ts":1761560776472,"action":"IDE_DEACTIVATED"}
{"ts":1761560789870,"action":"IDE_ACTIVATED"}
{"ts":1761560820837,"action":"IDE_DEACTIVATED"}
{"ts":1761560831658,"action":"IDE_ACTIVATED"}
{"ts":1761561319134,"action":"IDE_DEACTIVATED"}
{"ts":1761561326411,"action":"IDE_ACTIVATED"}
{"ts":1761561378053,"action":"IDE_DEACTIVATED"}
{"ts":1761563653719,"action":"IDE_ACTIVATED"}
{"ts":1761563653793,"action":"IDE_DEACTIVATED"}
{"ts":1761563656388,"action":"IDE_ACTIVATED"}
{"ts":1761563833380,"action":"IDE_DEACTIVATED"}
{"ts":1761563834806,"action":"IDE_ACTIVATED"}
{"ts":1761563854864,"action":"IDE_DEACTIVATED"}
{"ts":1761563856972,"action":"IDE_ACTIVATED"}
{"ts":1761563863816,"action":"FILE_CLOSED","file":"/app/src/main/java/com/example/xonteldvrdemo/MainActivity.java","tags":{"FILE_LINE_OF_CODE":"212"}}
{"ts":1761563863816,"action":"FILE_OPENED","file":"/app/src/main/java/com/example/xonteldvrdemo/PlayActivity2.java","tags":{"FILE_LINE_OF_CODE":"759"}}
{"ts":1761563867032,"action":"FILE_CLOSED","file":"/app/src/main/java/com/example/xonteldvrdemo/PlayActivity2.java","tags":{"FILE_LINE_OF_CODE":"759"}}
{"ts":1761563867032,"action":"FILE_OPENED","file":"/app/src/main/java/com/example/xonteldvrdemo/umeyesdk/api/WebSdkApi.java","tags":{"FILE_LINE_OF_CODE":"1953"}}
{"ts":1761563881088,"action":"FILE_CLOSED","file":"/app/src/main/java/com/example/xonteldvrdemo/umeyesdk/api/WebSdkApi.java","tags":{"FILE_LINE_OF_CODE":"1953"}}
{"ts":1761563881088,"action":"FILE_OPENED","file":"/app/src/main/java/com/example/xonteldvrdemo/PlayActivity2.java","tags":{"FILE_LINE_OF_CODE":"759"}}
{"ts":1761563886775,"action":"FILE_CLOSED","file":"/app/src/main/java/com/example/xonteldvrdemo/PlayActivity2.java","tags":{"FILE_LINE_OF_CODE":"759"}}
{"ts":1761563886775,"action":"FILE_OPENED","file":"/app/src/main/java/com/example/xonteldvrdemo/umeyesdk/api/WebSdkApi.java","tags":{"FILE_LINE_OF_CODE":"1953"}}
{"ts":1761563888831,"action":"FILE_CLOSED","file":"/app/src/main/java/com/example/xonteldvrdemo/umeyesdk/api/WebSdkApi.java","tags":{"FILE_LINE_OF_CODE":"1953"}}
{"ts":1761563888831,"action":"FILE_OPENED","file":"/app/src/main/java/com/example/xonteldvrdemo/AcLogo.java","tags":{"FILE_LINE_OF_CODE":"284"}}
{"ts":1761564019215,"action":"IDE_DEACTIVATED"}
{"ts":1761564020655,"action":"IDE_ACTIVATED"}
{"ts":1761564034867,"action":"IDE_DEACTIVATED"}
{"ts":1761564037037,"action":"IDE_ACTIVATED"}
{"ts":1761564044406,"action":"IDE_DEACTIVATED"}
{"ts":1761564046037,"action":"IDE_ACTIVATED"}
{"ts":1761564047756,"action":"IDE_DEACTIVATED"}
{"ts":1761564048324,"action":"IDE_ACTIVATED"}
{"ts":1761564048706,"action":"IDE_DEACTIVATED"}
{"ts":1761564056998,"action":"IDE_ACTIVATED"}
{"ts":1761564057134,"action":"IDE_DEACTIVATED"}
{"ts":1761564057263,"action":"IDE_ACTIVATED"}
{"ts":1761564086288,"action":"FILE_CLOSED","file":"/app/src/main/java/com/example/xonteldvrdemo/AcLogo.java","tags":{"FILE_LINE_OF_CODE":"283"}}
{"ts":1761564086288,"action":"FILE_OPENED","file":"/app/src/main/res/layout/ac_logo.xml","tags":{"FILE_LINE_OF_CODE":"6"}}
{"ts":1761564109432,"action":"FILE_CLOSED","file":"/app/src/main/res/layout/ac_logo.xml","tags":{"FILE_LINE_OF_CODE":"17"}}
{"ts":1761564109432,"action":"FILE_OPENED","file":"/app/src/main/java/com/example/xonteldvrdemo/AcLogo.java","tags":{"FILE_LINE_OF_CODE":"283"}}
{"ts":1761564147358,"action":"IDE_DEACTIVATED"}
{"ts":1761564153064,"action":"IDE_ACTIVATED"}
{"ts":1761564157828,"action":"IDE_DEACTIVATED"}
{"ts":1761564157995,"action":"IDE_ACTIVATED"}
{"ts":1761564159243,"action":"IDE_DEACTIVATED"}
{"ts":1761564160560,"action":"IDE_ACTIVATED"}
{"ts":1761564217174,"action":"IDE_DEACTIVATED"}
{"ts":1761564631475,"action":"IDE_ACTIVATED"}
{"ts":1761564694129,"action":"IDE_DEACTIVATED"}
{"ts":1761564696422,"action":"IDE_ACTIVATED"}
{"ts":1761564711921,"action":"FILE_CLOSED","file":"/app/src/main/java/com/example/xonteldvrdemo/AcLogo.java","tags":{"FILE_LINE_OF_CODE":"277"}}
{"ts":1761564711921,"action":"FILE_OPENED","file":"/app/src/main/java/com/example/xonteldvrdemo/umeyesdk/utils/Constants.java","tags":{"FILE_LINE_OF_CODE":"132"}}
{"ts":1761564718055,"action":"FILE_CLOSED","file":"/app/src/main/java/com/example/xonteldvrdemo/umeyesdk/utils/Constants.java","tags":{"FILE_LINE_OF_CODE":"132"}}
{"ts":1761564718055,"action":"FILE_OPENED","file":"/app/src/main/java/com/example/xonteldvrdemo/umeyesdk/api/WebSdkApi.java","tags":{"FILE_LINE_OF_CODE":"1953"}}
{"ts":1761564750141,"action":"FILE_CLOSED","file":"/app/src/main/java/com/example/xonteldvrdemo/umeyesdk/api/WebSdkApi.java","tags":{"FILE_LINE_OF_CODE":"1953"}}
{"ts":1761564750141,"action":"FILE_OPENED","file":"/app/src/main/java/com/example/xonteldvrdemo/umeyesdk/utils/Errors.java","tags":{"FILE_LINE_OF_CODE":"4"}}
{"ts":1761564765310,"action":"FILE_OPENED","file":"/app/src/main/java/com/example/xonteldvrdemo/umeyesdk/api/WebSdkApi.java","tags":{"FILE_LINE_OF_CODE":"1953"}}
{"ts":1761564765336,"action":"FILE_CLOSED","file":"/app/src/main/java/com/example/xonteldvrdemo/umeyesdk/api/WebSdkApi.java","tags":{"FILE_LINE_OF_CODE":"1953"}}
{"ts":1761564765336,"action":"FILE_OPENED","file":"/app/src/main/java/com/example/xonteldvrdemo/umeyesdk/utils/Errors.java","tags":{"FILE_LINE_OF_CODE":"124"}}
{"ts":1761564854600,"action":"FILE_CLOSED","file":"/app/src/main/java/com/example/xonteldvrdemo/umeyesdk/utils/Errors.java","tags":{"FILE_LINE_OF_CODE":"123"}}
{"ts":1761564854600,"action":"FILE_OPENED","file":"/app/src/main/java/com/example/xonteldvrdemo/AcLogo.java","tags":{"FILE_LINE_OF_CODE":"277"}}
{"ts":1761564918821,"action":"IDE_DEACTIVATED"}
{"ts":1761564919875,"action":"IDE_ACTIVATED"}
{"ts":1761564921903,"action":"IDE_DEACTIVATED"}
{"ts":1761564922566,"action":"IDE_ACTIVATED"}
{"ts":1761564954124,"action":"FILE_CLOSED","file":"/app/src/main/java/com/example/xonteldvrdemo/AcLogo.java","tags":{"FILE_LINE_OF_CODE":"279"}}
{"ts":1761564954124,"action":"FILE_OPENED","file":"/app/src/main/java/com/example/xonteldvrdemo/umeyesdk/utils/Utility.java","tags":{"FILE_LINE_OF_CODE":"384"}}
{"ts":1761565003280,"action":"FILE_CLOSED","file":"/app/src/main/java/com/example/xonteldvrdemo/umeyesdk/utils/Utility.java","tags":{"FILE_LINE_OF_CODE":"385"}}
{"ts":1761565003280,"action":"FILE_OPENED","file":"/app/src/main/java/com/example/xonteldvrdemo/umeyesdk/api/WebSdkApi.java","tags":{"FILE_LINE_OF_CODE":"1953"}}
{"ts":1761565005210,"action":"FILE_CLOSED","file":"/app/src/main/java/com/example/xonteldvrdemo/umeyesdk/api/WebSdkApi.java","tags":{"FILE_LINE_OF_CODE":"1953"}}
{"ts":1761565005210,"action":"FILE_OPENED","file":"/app/src/main/java/com/example/xonteldvrdemo/AcLogo.java","tags":{"FILE_LINE_OF_CODE":"279"}}
{"ts":1761565027035,"action":"IDE_DEACTIVATED"}
{"ts":1761566009029,"action":"IDE_ACTIVATED"}
{"ts":1761566029776,"action":"FILE_CLOSED","file":"/app/src/main/java/com/example/xonteldvrdemo/AcLogo.java","tags":{"FILE_LINE_OF_CODE":"280"}}
{"ts":1761566029784,"action":"FILE_OPENED","file":"/app/src/main/java/com/example/xonteldvrdemo/umeyesdk/api/WebSdkApi.java","tags":{"FILE_LINE_OF_CODE":"1953"}}
{"ts":1761566091692,"action":"IDE_DEACTIVATED"}
{"ts":1761566093090,"action":"IDE_ACTIVATED"}
{"ts":1761566099898,"action":"IDE_DEACTIVATED"}
{"ts":1761566111792,"action":"IDE_ACTIVATED"}
{"ts":1761566118677,"action":"IDE_DEACTIVATED"}
{"ts":1761566119826,"action":"IDE_ACTIVATED"}
{"ts":1761566145384,"action":"IDE_DEACTIVATED"}
{"ts":1761566146236,"action":"IDE_ACTIVATED"}
{"ts":1761566151660,"action":"FILE_CLOSED","file":"/app/src/main/java/com/example/xonteldvrdemo/umeyesdk/api/WebSdkApi.java","tags":{"FILE_LINE_OF_CODE":"1955"}}
{"ts":1761566151660,"action":"FILE_OPENED","file":"/app/src/main/java/com/example/xonteldvrdemo/MainActivity.java","tags":{"FILE_LINE_OF_CODE":"212"}}
{"ts":1761566160135,"action":"FILE_CLOSED","file":"/app/src/main/java/com/example/xonteldvrdemo/MainActivity.java","tags":{"FILE_LINE_OF_CODE":"212"}}
{"ts":1761566160135,"action":"FILE_OPENED","file":"/app/src/main/java/com/example/xonteldvrdemo/PlayActivity2.java","tags":{"FILE_LINE_OF_CODE":"759"}}
{"ts":1761566175598,"action":"FILE_CLOSED","file":"/app/src/main/java/com/example/xonteldvrdemo/PlayActivity2.java","tags":{"FILE_LINE_OF_CODE":"759"}}
{"ts":1761566175598,"action":"FILE_OPENED","file":"/app/src/main/java/com/example/xonteldvrdemo/umeyesdk/api/WebSdkApi.java","tags":{"FILE_LINE_OF_CODE":"1955"}}
{"ts":1761566179438,"action":"FILE_CLOSED","file":"/app/src/main/java/com/example/xonteldvrdemo/umeyesdk/api/WebSdkApi.java","tags":{"FILE_LINE_OF_CODE":"1955"}}
{"ts":1761566179438,"action":"FILE_OPENED","file":"/app/src/main/java/com/example/xonteldvrdemo/MainActivity.java","tags":{"FILE_LINE_OF_CODE":"212"}}
{"ts":1761566184818,"action":"FILE_CLOSED","file":"/app/src/main/java/com/example/xonteldvrdemo/MainActivity.java","tags":{"FILE_LINE_OF_CODE":"212"}}
{"ts":1761566184818,"action":"FILE_OPENED","file":"/app/src/main/java/com/example/xonteldvrdemo/umeyesdk/api/WebSdkApi.java","tags":{"FILE_LINE_OF_CODE":"1955"}}
{"ts":1761566222924,"action":"IDE_DEACTIVATED"}
{"ts":1761566224000,"action":"IDE_ACTIVATED"}
{"ts":1761566252949,"action":"FILE_CLOSED","file":"/app/src/main/java/com/example/xonteldvrdemo/umeyesdk/api/WebSdkApi.java","tags":{"FILE_LINE_OF_CODE":"1955"}}
{"ts":1761566252949,"action":"FILE_OPENED","file":"/app/src/main/java/com/example/xonteldvrdemo/umeyesdk/utils/Show.java","tags":{"FILE_LINE_OF_CODE":"40"}}
{"ts":1761566278428,"action":"FILE_CLOSED","file":"/app/src/main/java/com/example/xonteldvrdemo/umeyesdk/utils/Show.java","tags":{"FILE_LINE_OF_CODE":"40"}}
{"ts":1761566278428,"action":"FILE_OPENED","file":"/app/src/main/java/com/example/xonteldvrdemo/umeyesdk/api/WebSdkApi.java","tags":{"FILE_LINE_OF_CODE":"1955"}}
{"ts":1761566450818,"action":"FILE_CLOSED","file":"/app/src/main/java/com/example/xonteldvrdemo/umeyesdk/api/WebSdkApi.java","tags":{"FILE_LINE_OF_CODE":"1956"}}
{"ts":1761566450818,"action":"FILE_OPENED","file":"/app/src/main/java/com/example/xonteldvrdemo/umeyesdk/utils/Show.java","tags":{"FILE_LINE_OF_CODE":"40"}}
{"ts":1761566459688,"action":"FILE_CLOSED","file":"/app/src/main/java/com/example/xonteldvrdemo/umeyesdk/utils/Show.java","tags":{"FILE_LINE_OF_CODE":"39"}}
{"ts":1761566459688,"action":"FILE_OPENED","file":"/app/src/main/java/com/example/xonteldvrdemo/AcLogo.java","tags":{"FILE_LINE_OF_CODE":"280"}}
{"ts":1761566486449,"action":"FILE_CLOSED","file":"/app/src/main/java/com/example/xonteldvrdemo/AcLogo.java","tags":{"FILE_LINE_OF_CODE":"280"}}
{"ts":1761566486449,"action":"FILE_OPENED","file":"/app/src/main/java/com/example/xonteldvrdemo/PlayActivity2.java","tags":{"FILE_LINE_OF_CODE":"759"}}
{"ts":1761566491660,"action":"FILE_CLOSED","file":"/app/src/main/java/com/example/xonteldvrdemo/PlayActivity2.java","tags":{"FILE_LINE_OF_CODE":"759"}}
{"ts":1761566491660,"action":"FILE_OPENED","file":"/app/src/main/java/com/example/xonteldvrdemo/MainActivity.java","tags":{"FILE_LINE_OF_CODE":"212"}}
{"ts":1761566497627,"action":"FILE_CLOSED","file":"/app/src/main/java/com/example/xonteldvrdemo/MainActivity.java","tags":{"FILE_LINE_OF_CODE":"212"}}
{"ts":1761566497627,"action":"FILE_OPENED","file":"/app/src/main/java/com/example/xonteldvrdemo/PlayActivity2.java","tags":{"FILE_LINE_OF_CODE":"759"}}
{"ts":1761566499956,"action":"FILE_CLOSED","file":"/app/src/main/java/com/example/xonteldvrdemo/PlayActivity2.java","tags":{"FILE_LINE_OF_CODE":"759"}}
{"ts":1761566499956,"action":"FILE_OPENED","file":"/app/src/main/AndroidManifest.xml","tags":{"FILE_LINE_OF_CODE":"32"}}
{"ts":1761566547931,"action":"FILE_CLOSED","file":"/app/src/main/AndroidManifest.xml","tags":{"FILE_LINE_OF_CODE":"36"}}
{"ts":1761566547931,"action":"FILE_OPENED","file":"/app/src/main/java/com/example/xonteldvrdemo/AcLogo.java","tags":{"FILE_LINE_OF_CODE":"280"}}
{"ts":1761566779216,"action":"FILE_CLOSED","file":"/app/src/main/java/com/example/xonteldvrdemo/AcLogo.java","tags":{"FILE_LINE_OF_CODE":"280"}}
{"ts":1761566783816,"action":"IDE_DEACTIVATED"}
{"ts":1761566784926,"action":"IDE_ACTIVATED"}
{"ts":1761566813263,"action":"FILE_OPENED","file":"/app/src/main/AndroidManifest.xml","tags":{"FILE_LINE_OF_CODE":"36"}}
{"ts":1761566879651,"action":"FILE_CLOSED","file":"/app/src/main/AndroidManifest.xml","tags":{"FILE_LINE_OF_CODE":"38"}}
{"ts":1761566879651,"action":"FILE_OPENED","file":"/app/src/main/java/com/example/xonteldvrdemo/AcLogo.java","tags":{"FILE_LINE_OF_CODE":"280"}}
{"ts":1761566900416,"action":"FILE_CLOSED","file":"/app/src/main/java/com/example/xonteldvrdemo/AcLogo.java","tags":{"FILE_LINE_OF_CODE":"280"}}
{"ts":1761566907760,"action":"FILE_OPENED","file":"/app/src/main/java/com/example/xonteldvrdemo/AcLogo.java","tags":{"FILE_LINE_OF_CODE":"280"}}
{"ts":1761567205446,"action":"FILE_CLOSED","file":"/app/src/main/java/com/example/xonteldvrdemo/AcLogo.java","tags":{"FILE_LINE_OF_CODE":"280"}}
{"ts":1761567205446,"action":"FILE_OPENED","file":"/app/src/main/java/com/example/xonteldvrdemo/MainActivity.java","tags":{"FILE_LINE_OF_CODE":"212"}}
{"ts":1761567318547,"action":"FILE_CLOSED","file":"/app/src/main/java/com/example/xonteldvrdemo/MainActivity.java","tags":{"FILE_LINE_OF_CODE":"212"}}
{"ts":1761567384325,"action":"FILE_OPENED","file":"/app/src/main/java/com/example/xonteldvrdemo/MainActivity.java","tags":{"FILE_LINE_OF_CODE":"212"}}
{"ts":1761567389749,"action":"FILE_CLOSED","file":"/app/src/main/java/com/example/xonteldvrdemo/MainActivity.java","tags":{"FILE_LINE_OF_CODE":"212"}}
{"ts":1761567396016,"action":"FILE_OPENED","file":"/app/src/main/java/com/example/xonteldvrdemo/MainActivity.java","tags":{"FILE_LINE_OF_CODE":"212"}}
{"ts":1761567400163,"action":"FILE_CLOSED","file":"/app/src/main/java/com/example/xonteldvrdemo/MainActivity.java","tags":{"FILE_LINE_OF_CODE":"212"}}
{"ts":1761567430851,"action":"IDE_DEACTIVATED"}
{"ts":1761567451713,"action":"IDE_ACTIVATED"}
{"ts":1761567721610,"action":"IDE_DEACTIVATED"}
{"ts":1761567722635,"action":"IDE_ACTIVATED"}
{"ts":1761567943901,"action":"IDE_DEACTIVATED"}
{"ts":1761567947521,"action":"IDE_ACTIVATED"}
{"ts":1761567956721,"action":"IDE_DEACTIVATED"}
{"ts":1761567958592,"action":"IDE_ACTIVATED"}
{"ts":1761567969266,"action":"FILE_OPENED","file":"/app/src/main/java/com/example/xonteldvrdemo/MainActivity.java","tags":{"FILE_LINE_OF_CODE":"212"}}
{"ts":1761567979192,"action":"IDE_DEACTIVATED"}
{"ts":1761567979522,"action":"IDE_ACTIVATED"}
{"ts":1761568258188,"action":"IDE_DEACTIVATED"}
{"ts":1761568497284,"action":"IDE_ACTIVATED"}
{"ts":1761568499895,"action":"IDE_DEACTIVATED"}
{"ts":1761568504646,"action":"IDE_ACTIVATED"}
{"ts":1761568507836,"action":"IDE_DEACTIVATED"}
{"ts":1761569304697,"action":"IDE_ACTIVATED"}
{"ts":1761569333917,"action":"FILE_CLOSED","file":"/app/src/main/java/com/example/xonteldvrdemo/MainActivity.java","tags":{"FILE_LINE_OF_CODE":"212"}}
{"ts":1761569333917,"action":"FILE_OPENED","file":"/app/src/main/AndroidManifest.xml","tags":{"FILE_LINE_OF_CODE":"38"}}
{"ts":1761569442323,"action":"IDE_DEACTIVATED"}
{"ts":1761569443095,"action":"IDE_ACTIVATED"}
{"ts":1761569444147,"action":"IDE_DEACTIVATED"}
{"ts":1761569446342,"action":"IDE_ACTIVATED"}
{"ts":1761569454297,"action":"IDE_DEACTIVATED"}
{"ts":1761569456618,"action":"IDE_ACTIVATED"}
{"ts":1761569458813,"action":"IDE_DEACTIVATED"}
{"ts":1761569459928,"action":"IDE_ACTIVATED"}
{"ts":1761569463189,"action":"FILE_CLOSED","file":"/app/src/main/AndroidManifest.xml","tags":{"FILE_LINE_OF_CODE":"38"}}
{"ts":1761569463189,"action":"FILE_OPENED","file":"/app/src/main/java/com/example/xonteldvrdemo/PlayActivity2.java","tags":{"FILE_LINE_OF_CODE":"759"}}
{"ts":1761569471187,"action":"FILE_CLOSED","file":"/app/src/main/java/com/example/xonteldvrdemo/PlayActivity2.java","tags":{"FILE_LINE_OF_CODE":"759"}}
{"ts":1761569471187,"action":"FILE_OPENED","file":"/app/src/main/java/com/example/xonteldvrdemo/AcLogo.java","tags":{"FILE_LINE_OF_CODE":"280"}}
{"ts":1761569490713,"action":"FILE_CLOSED","file":"/app/src/main/java/com/example/xonteldvrdemo/AcLogo.java","tags":{"FILE_LINE_OF_CODE":"280"}}
{"ts":1761569490713,"action":"FILE_OPENED","file":"/app/src/main/java/com/example/xonteldvrdemo/umeyesdk/api/WebSdkApi.java","tags":{"FILE_LINE_OF_CODE":"1956"}}
{"ts":1761569492416,"action":"FILE_CLOSED","file":"/app/src/main/java/com/example/xonteldvrdemo/umeyesdk/api/WebSdkApi.java","tags":{"FILE_LINE_OF_CODE":"1956"}}
{"ts":1761569492416,"action":"FILE_OPENED","file":"/app/src/main/java/com/example/xonteldvrdemo/umeyesdk/entity/PlayNode.java","tags":{"FILE_LINE_OF_CODE":"257"}}
{"ts":1761569501835,"action":"FILE_CLOSED","file":"/app/src/main/java/com/example/xonteldvrdemo/umeyesdk/entity/PlayNode.java","tags":{"FILE_LINE_OF_CODE":"257"}}
{"ts":1761569501835,"action":"FILE_OPENED","file":"/app/src/main/java/com/example/xonteldvrdemo/AppMain.java","tags":{"FILE_LINE_OF_CODE":"118"}}
{"ts":1761569529478,"action":"IDE_DEACTIVATED"}
{"ts":1761569539313,"action":"IDE_ACTIVATED"}
{"ts":1761569571908,"action":"FILE_CLOSED","file":"/app/src/main/java/com/example/xonteldvrdemo/AppMain.java","tags":{"FILE_LINE_OF_CODE":"118"}}
{"ts":1761569699004,"action":"IDE_DEACTIVATED"}
{"ts":1761572094733,"action":"IDE_ACTIVATED"}
{"ts":1761572477855,"action":"IDE_DEACTIVATED"}
{"ts":1761572915007,"action":"IDE_ACTIVATED"}
{"ts":1761572917211,"action":"IDE_DEACTIVATED"}
